1662
0
1
cd-a 1
1
2
dab-b 5
ehb-b 1
2
6
dgj-c 1
bih-c 1
dgc-c 1
fcd-c 5
di-c 1
bi-c 1
3
6
hcj-d 1
bcb-d 2
cd-d 1
bjg-d 1
cbd-d 1
ii-d 3
4
3
cba-e 1
d-e 1
hic-e 5
5
7
bdjf-f 4
bda-f 1
jcc-f 1
jbb-f 1
ff-f 1
e-f 1
bc-f 1
6
6
bfg-g 1
ehc-g 1
iee-g 2
eie-g 1
gic-g 2
bedj-g 1
7
1
bfa-h 1
8
3
geg-i 4
bahi-i 1
gie-i 2
9
4
heg-j 1
bi-j 1
fbj-j 5
ce-j 1
10
2
bdi-ba 2
dhf-ba 1
11
8
bae-bb 1
bee-bb 3
bcea-bb 1
bcb-bb 1
bcef-bb 1
bgf-bb 1
gc-bb 1
cd-bb 1
12
6
hbf-bc 2
ccj-bc 1
daa-bc 1
dgf-bc 3
ddf-bc 1
baid-bc 1
13
3
cjb-bd 1
bejh-bd 2
cch-bd 3
14
4
fec-be 1
beai-be 4
babg-be 1
bbbj-be 1
15
2
hi-bf 5
dh-bf 1
16
7
bdii-bg 3
fib-bg 1
jf-bg 1
baae-bg 1
bi-bg 1
iag-bg 1
gge-bg 1
17
3
bgeh-bh 1
ihi-bh 5
hjd-bh 1
18
5
hej-bi 1
babg-bi 3
fic-bi 3
bc-bi 1
feh-bi 1
19
8
cii-bj 1
db-bj 1
dhf-bj 2
ch-bj 1
bc-bj 1
bdbf-bj 1
hcj-bj 1
dg-bj 1
20
4
cd-ca 1
dfg-ca 1
bai-ca 1
gjh-ca 4
21
3
did-cb 2
edb-cb 3
dcc-cb 2
22
4
badc-cc 3
ff-cc 1
jgi-cc 1
dgf-cc 2
23
6
dbg-cd 3
bhd-cd 1
bcaj-cd 1
gfa-cd 1
ffb-cd 2
fae-cd 1
24
4
jgf-ce 2
bi-ce 1
ef-ce 1
jag-ce 3
25
5
bbci-cf 1
fhg-cf 1
def-cf 2
cc-cf 1
eac-cf 4
26
7
ca-cg 1
bd-cg 2
eh-cg 1
chb-cg 2
deg-cg 1
deb-cg 1
hhc-cg 1
27
6
hch-ch 1
bjd-ch 1
dji-ch 1
ddb-ch 1
cd-ch 1
jgg-ch 3
28
5
hif-ci 1
befi-ci 1
hfh-ci 2
gbg-ci 1
bffg-ci 3
29
3
fbi-cj 1
egd-cj 1
bfgd-cj 5
30
8
eej-da 1
bhd-da 2
gda-da 1
beib-da 1
bdf-da 1
fai-da 1
ea-da 1
bcei-da 1
31
7
bbde-db 4
gi-db 1
cd-db 1
cbh-db 1
bgj-db 1
cfj-db 1
bc-db 1
32
6
bbgj-dc 1
iej-dc 5
ifh-dc 1
jbf-dc 1
iag-dc 1
ecg-dc 1
33
3
dfg-dd 1
fc-dd 1
babg-dd 4
34
4
ghj-de 2
eih-de 2
di-de 3
bhe-de 1
35
5
ibf-df 1
gc-df 1
igi-df 1
bfgb-df 5
iei-df 1
36
8
bed-dg 1
bgfe-dg 1
bcag-dg 1
bebe-dg 1
bdfc-dg 1
cee-dg 1
hah-dg 2
bcii-dg 2
37
5
db-dh 1
dc-dh 1
hha-dh 2
bagf-dh 4
gcd-dh 1
38
1
haf-di 1
39
3
gdb-dj 2
cbh-dj 3
ef-dj 2
40
6
jff-ea 1
dbb-ea 1
cgg-ea 1
eee-ea 2
fda-ea 1
jjh-ea 2
41
3
cdi-eb 2
hac-eb 1
bbfc-eb 4
42
5
fi-ec 1
fc-ec 1
ege-ec 2
ci-ec 1
cdc-ec 3
43
5
bfdc-ed 1
eb-ed 1
bcia-ed 4
ech-ed 1
edf-ed 1
44
3
ejg-ee 1
cfb-ee 2
bacc-ee 3
45
7
cij-ef 1
ige-ef 2
cih-ef 2
bgb-ef 1
bgd-ef 1
egh-ef 1
beeh-ef 1
46
5
bcd-eg 1
cbg-eg 1
bdj-eg 1
ffd-eg 1
ggg-eg 5
47
5
bbei-eh 1
bbfg-eh 3
fdd-eh 1
gdh-eh 2
bjb-eh 1
48
6
bb-ei 1
bbje-ei 1
dff-ei 1
bcjf-ei 1
jfj-ei 4
cbh-ei 1
49
3
baig-ej 5
cd-ej 1
jia-ej 1
50
6
bc-fa 1
bhg-fa 1
dhe-fa 4
bcb-fa 1
jji-fa 1
hg-fa 1
51
3
bdc-fb 3
dfa-fb 2
bcch-fb 1
52
5
jb-fc 1
bfch-fc 4
fif-fc 2
eab-fc 1
bcj-fc 1
53
4
daf-fd 1
dd-fd 1
dhe-fd 1
je-fd 1
54
1
jic-fe 1
55
7
gb-ff 3
cje-ff 1
bdcg-ff 1
bed-ff 1
bdf-ff 1
ic-ff 1
dbd-ff 1
56
1
bfaf-fg 1
57
7
jie-fh 1
bdb-fh 1
jh-fh 1
d-fh 1
bejb-fh 2
ccb-fh 1
jjd-fh 1
58
3
bfdg-fi 5
hee-fi 1
fg-fi 1
59
7
bea-fj 1
bcha-fj 1
dbg-fj 3
ff-fj 1
ifd-fj 1
hfh-fj 1
ddg-fj 1
60
6
cg-ga 1
eah-ga 1
cih-ga 1
fga-ga 4
dac-ga 1
bi-ga 1
61
2
bbjc-gb 5
bbeb-gb 1
62
6
bga-gc 1
gge-gc 3
bdfa-gc 2
j-gc 1
e-gc 1
eie-gc 1
63
8
cfj-gd 2
je-gd 1
dbf-gd 1
daj-gd 1
bfgc-gd 2
dai-gd 1
gfb-gd 1
icd-gd 1
64
2
g-ge 1
dfi-ge 1
65
1
cgh-gf 1
66
5
cdh-gg 2
jhg-gg 1
bfjf-gg 4
idf-gg 1
jdj-gg 1
67
3
bh-gh 1
jci-gh 1
bddh-gh 5
68
3
cbe-gi 1
bcff-gi 5
ch-gi 1
69
3
edh-gj 2
gjj-gj 3
baad-gj 2
70
3
bda-ha 1
db-ha 4
ecc-ha 1
71
2
iaa-hb 1
efh-hb 2
72
4
ejc-hc 4
dbf-hc 2
gg-hc 1
cif-hc 1
73
1
hb-hd 1
74
7
gig-he 1
bebb-he 1
bcd-he 1
gij-he 1
hc-he 1
bcjc-he 3
bgi-he 1
75
4
hie-hf 3
dah-hf 1
bdbc-hf 2
da-hf 1
76
4
dfj-hg 1
bja-hg 4
gbd-hg 1
cgj-hg 1
77
7
beic-hh 1
jae-hh 1
gcj-hh 2
caa-hh 1
bjb-hh 2
cae-hh 1
bdh-hh 1
78
5
baec-hi 3
ihf-hi 1
iba-hi 3
fa-hi 1
bac-hi 1
79
3
jfc-hj 5
gfg-hj 1
di-hj 1
80
4
ccc-ia 1
di-ia 2
bfeh-ia 3
bdjd-ia 1
81
4
dad-ib 1
dea-ib 1
gia-ib 2
ghd-ib 2
82
3
cgi-ic 1
bedh-ic 4
fdf-ic 1
83
4
gbg-id 1
ej-id 1
eab-id 5
ebd-id 1
84
5
haj-ie 1
fbb-ie 1
dej-ie 2
bjd-ie 2
eeh-ie 2
85
3
bcge-if 4
di-if 1
bfce-if 2
86
2
egf-ig 1
baif-ig 2
87
3
bcfj-ih 1
cgh-ih 4
bba-ih 1
88
6
dgc-ii 1
chf-ii 4
bacd-ii 1
eig-ii 1
bacj-ii 1
bgfi-ii 1
89
4
bcd-ij 3
ife-ij 2
dbi-ij 1
fbc-ij 1
90
3
bei-ja 1
fef-ja 1
hij-ja 5
91
4
jc-jb 1
bhe-jb 1
ehi-jb 1
bc-jb 1
92
6
fci-jc 1
hj-jc 1
bbjg-jc 2
babi-jc 4
gbe-jc 1
gii-jc 1
93
2
cae-jd 1
fhj-jd 1
94
6
bi-je 1
bfc-je 2
gdf-je 2
fcf-je 1
bbi-je 1
bfgb-je 1
95
3
iae-jf 2
dfc-jf 1
gbd-jf 3
96
3
daf-jg 5
beb-jg 1
ec-jg 1
97
6
bbfg-jh 5
bcbf-jh 1
dai-jh 1
ecj-jh 1
hib-jh 1
ei-jh 1
98
5
bccj-ji 1
idd-ji 1
gbe-ji 1
bdjh-ji 4
beaa-ji 1
99
3
dej-jj 2
bcee-jj 3
fgf-jj 2
100
5
dig-baa 2
dfi-baa 1
efg-baa 3
fhg-baa 1
bfg-baa 1
101
4
ede-bab 1
eic-bab 2
chf-bab 3
jhg-bab 1
102
5
bfe-bac 3
da-bac 1
gja-bac 3
hfi-bac 1
hj-bac 1
103
3
bha-bad 2
bfi-bad 1
jid-bad 3
104
4
bdga-bae 5
cd-bae 1
dgj-bae 1
ceg-bae 1
105
5
cbg-baf 1
cj-baf 1
cgb-baf 1
bdbh-baf 4
bcb-baf 1
106
7
bbfi-bag 1
bcc-bag 1
dad-bag 1
bfce-bag 2
baab-bag 1
fic-bag 1
ede-bag 1
107
6
ddf-bah 1
bbcc-bah 1
ifd-bah 1
hbf-bah 1
gjh-bah 3
deg-bah 1
108
2
bda-bai 1
cfj-bai 2
109
6
db-baj 1
eg-baj 2
cjg-baj 1
bda-baj 2
ddb-baj 1
chf-baj 2
110
5
dic-bba 1
gdc-bba 2
hi-bba 1
fbe-bba 2
je-bba 1
111
4
d-bbb 2
fdh-bbb 3
bdh-bbb 1
edb-bbb 1
112
5
gbg-bbc 1
dgb-bbc 1
dbb-bbc 1
jje-bbc 1
chf-bbc 5
113
2
gca-bbd 2
bja-bbd 1
114
3
ehd-bbe 3
cb-bbe 1
cie-bbe 2
115
5
fj-bbf 1
bej-bbf 1
bage-bbf 2
bei-bbf 3
dfc-bbf 1
116
6
eg-bbg 1
iff-bbg 2
gdc-bbg 2
cbd-bbg 1
eba-bbg 1
bbbj-bbg 1
117
3
gjh-bbh 1
ehi-bbh 1
bacc-bbh 5
118
9
gfd-bbi 1
cea-bbi 1
beb-bbi 1
bca-bbi 1
beeh-bbi 5
bech-bbi 1
ib-bbi 1
cbb-bbi 1
ige-bbi 1
119
7
baja-bbj 1
bbag-bbj 1
eh-bbj 1
bbf-bbj 1
ige-bbj 1
gjh-bbj 1
fag-bbj 5
120
6
eae-bca 2
gaf-bca 1
gae-bca 1
cji-bca 2
bae-bca 1
cc-bca 1
121
4
fba-bcb 3
bdea-bcb 1
bbdg-bcb 2
bbgc-bcb 1
122
7
hgb-bcc 1
bjd-bcc 1
bebg-bcc 1
gfi-bcc 1
bbff-bcc 5
bbab-bcc 1
jg-bcc 1
123
5
iie-bcd 1
jec-bcd 2
ddj-bcd 1
eed-bcd 3
gc-bcd 1
124
8
ccc-bce 1
bi-bce 1
bb-bce 1
gef-bce 2
bagd-bce 1
edi-bce 1
fed-bce 1
gc-bce 1
125
4
gih-bcf 1
cea-bcf 2
deg-bcf 1
ddj-bcf 2
126
7
bhj-bcg 1
cah-bcg 1
g-bcg 1
hcj-bcg 1
dbg-bcg 2
dgg-bcg 1
di-bcg 1
127
6
fbh-bch 2
bfc-bch 1
bgbf-bch 1
ecb-bch 1
gad-bch 3
dfd-bch 1
128
7
fag-bci 1
bbhe-bci 3
fi-bci 1
bbc-bci 1
bagb-bci 1
bcbc-bci 1
bbf-bci 1
129
7
eac-bcj 1
iff-bcj 5
bbf-bcj 1
bah-bcj 1
icj-bcj 1
cjh-bcj 1
cjg-bcj 1
130
6
ia-bda 1
dhg-bda 1
ffa-bda 4
fbe-bda 1
dfj-bda 1
eh-bda 1
131
8
jbg-bdb 1
deh-bdb 1
fib-bdb 1
bhb-bdb 1
efd-bdb 3
cda-bdb 1
bfc-bdb 1
djh-bdb 1
132
9
cfc-bdc 1
bbjh-bdc 1
bbah-bdc 1
bfea-bdc 1
fdc-bdc 1
bec-bdc 1
bbfe-bdc 1
jbg-bdc 1
fee-bdc 3
133
5
bcgc-bdd 4
efa-bdd 1
bece-bdd 2
bja-bdd 1
bjf-bdd 1
134
6
bdh-bde 1
gge-bde 2
bba-bde 1
beec-bde 1
iah-bde 2
hhi-bde 1
135
6
hcg-bdf 3
gbf-bdf 1
gea-bdf 2
bhe-bdf 1
bbab-bdf 2
hc-bdf 1
136
8
ch-bdg 1
bcc-bdg 1
bahh-bdg 3
dhi-bdg 1
jdg-bdg 1
djj-bdg 1
cha-bdg 1
bbij-bdg 2
137
4
edg-bdh 1
ce-bdh 1
feh-bdh 2
jjg-bdh 2
138
6
bcfj-bdi 1
gci-bdi 2
bffi-bdi 1
iic-bdi 4
jbe-bdi 1
ich-bdi 1
139
7
ffb-bdj 1
igg-bdj 1
bbbh-bdj 1
igb-bdj 1
jfe-bdj 2
hhc-bdj 1
geh-bdj 3
140
4
cdh-bea 1
dgb-bea 1
dgc-bea 4
fif-bea 1
141
8
fe-beb 1
hia-beb 4
dci-beb 1
ffd-beb 1
cbe-beb 1
cbg-beb 1
edh-beb 1
djg-beb 1
142
8
ica-bec 1
hj-bec 1
eei-bec 1
bdh-bec 1
hea-bec 2
ii-bec 1
hff-bec 1
bdei-bec 2
143
6
begd-bed 1
cd-bed 4
feh-bed 1
ica-bed 1
bhc-bed 1
cfa-bed 1
144
5
gjd-bee 1
bgbe-bee 5
cfa-bee 1
bbej-bee 1
dfg-bee 1
145
4
bjd-bef 1
dai-bef 3
jei-bef 1
fgj-bef 3
146
5
bja-beg 1
ea-beg 1
bef-beg 2
fei-beg 2
hgd-beg 1
147
9
ih-beh 1
gdd-beh 1
hi-beh 1
cia-beh 1
ccg-beh 1
ef-beh 1
jbj-beh 1
ieh-beh 3
bab-beh 1
148
5
fge-bei 1
becg-bei 1
jca-bei 4
bcgi-bei 1
jbi-bei 1
149
5
bdb-bej 1
fif-bej 4
bec-bej 2
dbi-bej 1
cdi-bej 1
150
5
ddd-bfa 1
cjd-bfa 3
egg-bfa 1
ifi-bfa 1
cdf-bfa 1
151
2
bdji-bfb 5
fda-bfb 1
152
9
dhb-bfc 1
cei-bfc 1
gbi-bfc 1
fcb-bfc 1
fbb-bfc 1
dcb-bfc 4
bafi-bfc 1
ifh-bfc 1
cdb-bfc 1
153
4
jgi-bfd 2
haa-bfd 2
cie-bfd 2
bif-bfd 1
154
5
baea-bfe 2
dch-bfe 2
cgh-bfe 1
gbc-bfe 1
hff-bfe 1
155
4
bcie-bff 1
fdh-bff 1
eec-bff 3
gfe-bff 3
156
8
dae-bfg 1
bgac-bfg 4
efi-bfg 1
be-bfg 1
bef-bfg 1
hj-bfg 1
fh-bfg 1
hhe-bfg 1
157
4
bae-bfh 2
baf-bfh 1
eaa-bfh 3
gcj-bfh 1
158
7
ich-bfi 1
idg-bfi 1
gaa-bfi 2
ecj-bfi 1
bacf-bfi 1
jhe-bfi 1
bgci-bfi 4
159
5
ded-bfj 1
gif-bfj 1
gce-bfj 1
jjj-bfj 2
bii-bfj 3
160
3
efe-bga 1
dij-bga 1
hbd-bga 4
161
6
dff-bgb 1
cgc-bgb 1
bahe-bgb 1
bcga-bgb 1
bedd-bgb 1
hea-bgb 4
162
7
ehc-bgc 1
fd-bgc 1
cgd-bgc 2
bdeh-bgc 3
cff-bgc 1
ffi-bgc 1
cdb-bgc 1
163
5
edg-bgd 3
gd-bgd 1
f-bgd 1
dbj-bgd 1
bgdh-bgd 2
164
3
d-bge 1
jif-bge 3
hci-bge 3
165
4
iaa-bgf 5
bd-bgf 1
baih-bgf 1
bie-bgf 1
166
6
heh-bgg 2
id-bgg 1
bcaa-bgg 3
ehg-bgg 2
bdde-bgg 1
babe-bgg 1
167
5
be-bgh 1
cgg-bgh 1
dbg-bgh 3
bfgh-bgh 2
cej-bgh 1
168
8
cej-bgi 1
daj-bgi 2
cbi-bgi 2
bc-bgi 1
dda-bgi 1
baa-bgi 1
eij-bgi 1
bhh-bgi 1
169
5
hbh-bgj 1
jai-bgj 1
bffe-bgj 1
djh-bgj 1
hch-bgj 2
170
8
bff-bha 1
fh-bha 1
ddd-bha 1
gi-bha 4
edd-bha 1
bde-bha 1
ccd-bha 1
bi-bha 1
171
6
jh-bhb 1
fcb-bhb 1
bfbi-bhb 1
ih-bhb 1
cda-bhb 1
hhd-bhb 3
172
6
eje-bhc 1
bbfd-bhc 4
edf-bhc 1
gfg-bhc 1
bagf-bhc 1
bfe-bhc 1
173
4
eed-bhd 3
bcb-bhd 1
hj-bhd 2
gii-bhd 1
174
5
cfe-bhe 1
daa-bhe 5
chd-bhe 1
ebi-bhe 1
bgj-bhe 1
175
6
ca-bhf 1
cgi-bhf 1
ech-bhf 1
jga-bhf 1
dgi-bhf 1
bci-bhf 3
176
7
cbg-bhg 1
cfi-bhg 1
cdi-bhg 4
iga-bhg 1
babb-bhg 1
baf-bhg 1
bci-bhg 1
177
4
cbc-bhh 1
cch-bhh 2
efe-bhh 3
bai-bhh 1
178
5
gbb-bhi 1
bacb-bhi 1
ibh-bhi 2
cdb-bhi 1
eaj-bhi 3
179
7
hbc-bhj 1
cb-bhj 1
ghd-bhj 1
bafb-bhj 4
fha-bhj 1
hg-bhj 1
dbf-bhj 1
180
4
hi-bia 2
bjg-bia 1
cch-bia 3
dac-bia 1
181
3
eae-bib 5
fhc-bib 1
hjj-bib 1
182
4
hdc-bic 1
eee-bic 2
dc-bic 1
baa-bic 2
183
4
bajd-bid 1
dec-bid 1
beh-bid 2
bef-bid 2
184
11
cdc-bie 1
eig-bie 1
bcc-bie 1
cfe-bie 1
hdd-bie 2
bde-bie 1
bbc-bie 1
bcai-bie 1
bae-bie 1
bef-bie 1
dbe-bie 1
185
5
babf-bif 3
bgcg-bif 3
bahf-bif 1
cji-bif 1
je-bif 1
186
2
deg-big 2
bdde-big 1
187
4
ccj-bih 1
bcff-bih 4
hef-bih 1
dcf-bih 1
188
5
bcej-bii 2
dfa-bii 1
ejd-bii 2
caj-bii 1
bga-bii 1
189
6
bcj-bij 1
cia-bij 2
cha-bij 3
gfi-bij 1
ba-bij 1
eab-bij 1
190
3
dca-bja 5
dig-bja 1
ded-bja 1
191
4
fed-bjb 1
db-bjb 1
bbee-bjb 3
bcdb-bjb 2
192
5
baad-bjc 4
eia-bjc 1
bagc-bjc 1
ibe-bjc 2
ggh-bjc 1
193
5
bij-bjd 1
gd-bjd 1
ghb-bjd 2
hdg-bjd 4
di-bjd 1
194
4
ecd-bje 5
eja-bje 1
cga-bje 1
dgf-bje 1
195
6
hii-bjf 1
hic-bjf 1
ecg-bjf 1
bccc-bjf 1
baff-bjf 4
hie-bjf 1
196
3
cec-bjg 1
dih-bjg 3
df-bjg 2
197
6
djg-bjh 1
eah-bjh 1
cd-bjh 3
bcb-bjh 2
gfd-bjh 1
jeb-bjh 1
198
4
beeb-bji 5
fdj-bji 1
dbg-bji 1
cgh-bji 1
199
4
baad-bjj 5
edg-bjj 1
jhe-bjj 1
gci-bjj 1
200
6
bafd-caa 2
ecb-caa 2
djj-caa 2
jgd-caa 1
dhc-caa 1
hfg-caa 1
201
6
jca-cab 1
cjd-cab 1
jbg-cab 1
bef-cab 1
daf-cab 1
bdg-cab 4
202
5
djc-cac 1
dbf-cac 3
fid-cac 2
cgd-cac 1
bbdh-cac 1
203
3
ege-cad 2
icg-cad 3
edd-cad 1
204
8
hhb-cae 2
gdi-cae 1
bcb-cae 2
chb-cae 1
jcd-cae 1
bccg-cae 2
bea-cae 1
cci-cae 1
205
3
ghc-caf 1
gag-caf 1
bafb-caf 5
206
4
fbi-cag 1
cie-cag 4
ebb-cag 1
bbg-cag 1
207
6
fac-cah 1
bebe-cah 3
bahc-cah 1
fde-cah 1
cce-cah 1
ih-cah 1
208
2
jda-cai 1
gdb-cai 1
209
4
jh-caj 1
eji-caj 2
ghh-caj 2
eba-caj 1
210
4
bccb-cba 1
bfi-cba 1
bbjf-cba 4
bgdd-cba 2
211
5
ihc-cbb 2
da-cbb 1
cge-cbb 2
be-cbb 1
ca-cbb 1
212
2
efg-cbc 2
bcdg-cbc 1
213
8
bcdc-cbd 1
jfc-cbd 5
bif-cbd 1
ehe-cbd 1
eag-cbd 1
jej-cbd 1
cec-cbd 1
chb-cbd 1
214
1
bbcc-cbe 1
215
3
ceb-cbf 2
bff-cbf 3
cdj-cbf 2
216
4
becj-cbg 3
hjj-cbg 1
bdg-cbg 1
bbfi-cbg 2
217
5
bfg-cbh 1
caj-cbh 1
ej-cbh 1
jhi-cbh 2
bhi-cbh 4
218
3
ede-cbi 5
ebh-cbi 1
bdi-cbi 1
219
5
hi-cbj 1
dcf-cbj 1
db-cbj 1
gjj-cbj 4
jec-cbj 1
220
6
bbi-cca 1
cbe-cca 1
ehi-cca 1
bbdb-cca 2
ihg-cca 1
eea-cca 2
221
6
ejj-ccb 2
eig-ccb 1
jeh-ccb 1
ddd-ccb 1
bjj-ccb 1
d-ccb 1
222
3
jfh-ccc 4
bcda-ccc 1
eag-ccc 2
223
6
feh-ccd 1
eae-ccd 1
cjf-ccd 1
dhh-ccd 1
bajb-ccd 3
ecd-ccd 1
224
4
bdc-cce 1
bceh-cce 3
hdf-cce 1
daf-cce 1
225
7
ghd-ccf 1
hcc-ccf 1
bfdd-ccf 1
ihi-ccf 5
dca-ccf 1
jeg-ccf 1
ga-ccf 1
226
7
hde-ccg 1
bahi-ccg 2
ide-ccg 1
bih-ccg 1
hjh-ccg 1
ijd-ccg 2
fhh-ccg 1
227
4
ice-cch 1
baaf-cch 3
bhe-cch 1
egd-cch 3
228
4
ceb-cci 1
bgbg-cci 3
haf-cci 1
bbfd-cci 3
229
6
eeb-ccj 2
j-ccj 1
gdf-ccj 1
cch-ccj 1
hji-ccj 3
bch-ccj 1
230
3
jae-cda 2
ejd-cda 3
dd-cda 2
231
4
fcf-cdb 1
jaa-cdb 1
ejg-cdb 5
bff-cdb 1
232
6
hjg-cdc 1
eb-cdc 1
fad-cdc 2
ccj-cdc 1
ddj-cdc 3
gac-cdc 1
233
2
bebi-cdd 2
db-cdd 1
234
7
hhb-cde 2
bdia-cde 2
bj-cde 1
fff-cde 1
bi-cde 1
gge-cde 2
bjb-cde 1
235
5
badh-cdf 1
dfa-cdf 1
fjc-cdf 5
bhj-cdf 1
iee-cdf 1
236
6
eif-cdg 1
bfjd-cdg 1
bdf-cdg 1
gcf-cdg 1
cid-cdg 1
dff-cdg 5
237
3
bbja-cdh 5
gd-cdh 1
gfd-cdh 1
238
4
jbc-cdi 1
deb-cdi 1
j-cdi 2
beha-cdi 4
239
3
ega-cdj 5
chh-cdj 1
hgg-cdj 1
240
7
che-cea 3
be-cea 1
if-cea 1
gbi-cea 1
cfi-cea 1
jaj-cea 3
cac-cea 1
241
6
dfe-ceb 1
cii-ceb 1
dhh-ceb 1
bdea-ceb 5
bch-ceb 1
bfj-ceb 1
242
4
bbc-cec 1
bdg-cec 1
bajb-cec 3
bad-cec 2
243
3
efg-ced 1
cah-ced 1
bbgc-ced 5
244
3
jhc-cee 1
ic-cee 4
eej-cee 2
245
4
bbec-cef 1
bfi-cef 2
dab-cef 1
bha-cef 3
246
4
bfa-ceg 1
gdg-ceg 2
iag-ceg 2
cah-ceg 2
247
4
bje-ceh 1
gdd-ceh 2
eeg-ceh 2
cic-ceh 1
248
5
dgf-cei 2
bfb-cei 1
ehj-cei 1
fhi-cei 2
ddf-cei 1
249
8
ef-cej 1
bh-cej 2
dif-cej 1
bda-cej 1
gig-cej 1
jej-cej 1
bbee-cej 1
bbeg-cej 2
250
5
ice-cfa 1
gei-cfa 3
hdi-cfa 1
eb-cfa 1
bdhb-cfa 2
251
7
fc-cfb 1
fhe-cfb 2
baga-cfb 1
g-cfb 1
gje-cfb 1
fgg-cfb 1
cea-cfb 1
252
3
ieg-cfc 2
eca-cfc 1
gef-cfc 4
253
6
bchd-cfd 4
bcdh-cfd 1
ccg-cfd 1
cje-cfd 1
geb-cfd 1
a-cfd 1
254
2
ijc-cfe 5
jf-cfe 1
255
5
ejg-cff 3
hda-cff 1
hjf-cff 1
bafc-cff 2
egj-cff 1
256
4
gic-cfg 1
ej-cfg 1
bbdg-cfg 3
bfdb-cfg 2
257
7
bbee-cfh 1
fjh-cfh 1
bee-cfh 1
gbg-cfh 1
baj-cfh 1
cie-cfh 5
cid-cfh 1
258
5
badf-cfi 1
dhi-cfi 3
bcfi-cfi 1
eec-cfi 1
chd-cfi 1
259
6
cfi-cfj 4
beb-cfj 1
bd-cfj 1
fh-cfj 1
efb-cfj 1
dib-cfj 1
260
7
cgd-cga 1
cah-cga 1
dh-cga 1
chf-cga 1
bcjf-cga 4
bhb-cga 1
chj-cga 1
261
5
dch-cgb 1
deb-cgb 2
gdf-cgb 1
dhd-cgb 1
da-cgb 3
262
6
hfc-cgc 2
ica-cgc 3
cdb-cgc 1
fji-cgc 1
ee-cgc 1
hdb-cgc 1
263
6
bajg-cgd 1
bafd-cgd 1
dcf-cgd 3
bec-cgd 1
dcj-cgd 1
bafi-cgd 1
264
6
ea-cge 1
bfc-cge 3
hai-cge 1
bba-cge 2
fh-cge 1
cci-cge 1
265
5
dej-cgf 1
fcc-cgf 3
gie-cgf 1
bgbh-cgf 3
ibe-cgf 1
266
5
fhc-cgg 3
bii-cgg 1
bdh-cgg 1
dib-cgg 1
bgae-cgg 1
267
5
babb-cgh 1
hc-cgh 1
cag-cgh 1
bdhc-cgh 5
hif-cgh 1
268
5
djh-cgi 1
fdh-cgi 1
baaa-cgi 5
ia-cgi 1
daf-cgi 1
269
4
ifi-cgj 3
eag-cgj 2
fei-cgj 1
dgg-cgj 1
270
6
gfh-cha 1
bhi-cha 1
dhj-cha 1
egj-cha 1
dcb-cha 2
ged-cha 2
271
3
bcbi-chb 4
eci-chb 1
fff-chb 2
272
5
bbfj-chc 2
hba-chc 1
jhd-chc 4
jfb-chc 1
fjc-chc 1
273
4
bfbg-chd 4
dfj-chd 1
cjc-chd 1
ebh-chd 1
274
4
dbj-che 1
eah-che 1
dej-che 1
befj-che 5
275
5
fch-chf 1
did-chf 1
hfb-chf 1
ehb-chf 1
eca-chf 5
276
4
iab-chg 3
hja-chg 1
fc-chg 1
edh-chg 2
277
4
cbb-chh 2
ddj-chh 2
cid-chh 1
ca-chh 2
278
6
bbc-chi 4
bbea-chi 1
hga-chi 1
cee-chi 1
ibj-chi 1
jeh-chi 1
279
6
fg-chj 1
bgh-chj 1
hhi-chj 3
dia-chj 1
fjd-chj 1
jg-chj 1
280
4
cce-cia 1
eie-cia 2
jj-cia 2
jej-cia 2
281
5
bcce-cib 1
hh-cib 1
eha-cib 3
bdhh-cib 3
bdhb-cib 1
282
5
jce-cic 1
ifd-cic 1
dhi-cic 4
bbi-cic 1
igc-cic 1
283
11
cjb-cid 3
cab-cid 1
dfd-cid 1
fic-cid 1
bii-cid 1
ehb-cid 1
ebi-cid 1
fcf-cid 1
bdh-cid 1
dfa-cid 1
hgg-cid 1
284
3
jfi-cie 4
bih-cie 1
gg-cie 2
285
8
bbai-cif 1
gfe-cif 1
idd-cif 1
baed-cif 1
bcja-cif 5
dgb-cif 1
dae-cif 1
dcb-cif 1
286
6
hdd-cig 1
bbac-cig 1
hai-cig 1
dge-cig 1
hbj-cig 4
eef-cig 1
287
2
cda-cih 1
icg-cih 5
288
6
dad-cii 1
baha-cii 4
gbi-cii 1
ggd-cii 1
cah-cii 1
gc-cii 1
289
4
dgf-cij 3
bgi-cij 1
ch-cij 2
cch-cij 1
290
6
hcj-cja 2
dge-cja 1
ead-cja 1
ehg-cja 1
ija-cja 1
bcaa-cja 1
291
4
eei-cjb 1
bagh-cjb 1
jbi-cjb 1
beba-cjb 5
292
4
db-cjc 1
bcih-cjc 1
bada-cjc 1
bfgi-cjc 4
293
2
bdaa-cjd 5
eje-cjd 1
294
3
cea-cje 4
fje-cje 1
bbi-cje 2
295
3
egf-cjf 1
cgb-cjf 2
dba-cjf 3
296
1
cgb-cjg 1
297
5
hhf-cjh 2
jfd-cjh 3
dci-cjh 1
da-cjh 1
he-cjh 1
298
6
bdce-cji 4
dbj-cji 1
hbd-cji 1
bdcg-cji 1
id-cji 1
bee-cji 1
299
6
bfeb-cjj 1
jah-cjj 4
bcie-cjj 1
cc-cjj 1
fci-cjj 1
bgh-cjj 1
300
6
jjb-daa 2
bfde-daa 3
fh-daa 1
bbhc-daa 1
ih-daa 1
edd-daa 1
301
6
hi-dab 5
ede-dab 1
icf-dab 1
cjh-dab 1
bef-dab 1
bace-dab 1
302
5
de-dac 1
iid-dac 2
fgc-dac 1
dce-dac 2
bgi-dac 2
303
4
gfe-dad 2
dab-dad 1
gfd-dad 3
gcb-dad 1
304
4
bcib-dae 5
ebf-dae 1
baaa-dae 1
fce-dae 1
305
7
fbb-daf 1
badi-daf 3
bddb-daf 1
jae-daf 1
bdcb-daf 2
cha-daf 1
bdag-daf 1
306
3
hcd-dag 4
jg-dag 1
eb-dag 1
307
4
cgi-dah 1
ehc-dah 2
ggg-dah 3
ihj-dah 1
308
6
ebd-dai 1
ejb-dai 1
bafa-dai 2
bchi-dai 3
chh-dai 1
dhc-dai 1
309
6
dhe-daj 1
fae-daj 1
dce-daj 1
ebb-daj 1
fhj-daj 2
geh-daj 3
310
3
gdh-dba 1
hhj-dba 5
bff-dba 1
311
4
eaa-dbb 5
dgi-dbb 1
dfc-dbb 1
cjb-dbb 1
312
2
hca-dbc 2
dah-dbc 1
313
5
ceg-dbd 1
bdjf-dbd 2
bfg-dbd 1
gcb-dbd 4
bbg-dbd 1
314
3
bcaf-dbe 5
dac-dbe 1
dfh-dbe 1
315
7
baad-dbf 1
ei-dbf 1
gib-dbf 5
eid-dbf 1
dac-dbf 1
gdc-dbf 1
bbcb-dbf 1
316
3
ffg-dbg 1
dab-dbg 1
iag-dbg 5
317
5
caa-dbh 1
cdb-dbh 1
gfj-dbh 1
cid-dbh 1
fha-dbh 4
318
5
eia-dbi 1
fah-dbi 1
edd-dbi 2
bcaa-dbi 2
ch-dbi 1
319
6
cg-dbj 1
gjf-dbj 2
bb-dbj 1
dhd-dbj 2
dad-dbj 2
cgb-dbj 1
320
5
bdii-dca 1
badg-dca 1
bda-dca 1
a-dca 1
jbi-dca 4
321
6
fi-dcb 1
gbj-dcb 1
gad-dcb 3
efg-dcb 1
eda-dcb 2
jia-dcb 1
322
9
eie-dcc 1
di-dcc 2
jah-dcc 2
chf-dcc 2
fbb-dcc 1
cdd-dcc 1
ddf-dcc 1
gdi-dcc 1
heg-dcc 1
323
4
cfg-dcd 2
gda-dcd 1
gjc-dcd 1
cg-dcd 3
324
4
ebg-dce 1
bcg-dce 1
jef-dce 5
cce-dce 1
325
5
bbja-dcf 3
fce-dcf 1
bhe-dcf 1
cgb-dcf 1
fea-dcf 1
326
3
dca-dcg 5
cd-dcg 1
jjj-dcg 1
327
5
jai-dch 5
eca-dch 1
bdgc-dch 1
dh-dch 1
cjc-dch 1
328
5
ehi-dci 2
cge-dci 1
dae-dci 1
ddg-dci 1
bcef-dci 3
329
5
dbj-dcj 1
bde-dcj 1
dhd-dcj 1
jcg-dcj 4
begb-dcj 1
330
4
cea-dda 1
bjj-dda 3
fjj-dda 1
dai-dda 2
331
6
bcea-ddb 1
bbdj-ddb 2
cjb-ddb 1
eig-ddb 1
bdge-ddb 2
ddd-ddb 1
332
5
bfjb-ddc 3
bja-ddc 2
beg-ddc 1
ia-ddc 1
dac-ddc 1
333
4
beef-ddd 5
gfa-ddd 1
bci-ddd 1
hed-ddd 1
334
9
ehd-dde 1
bbj-dde 1
ejf-dde 1
ifj-dde 1
ghh-dde 2
dbe-dde 1
fbe-dde 1
gaa-dde 1
d-dde 2
335
7
id-ddf 1
eij-ddf 2
bei-ddf 1
jh-ddf 1
eb-ddf 2
fcf-ddf 2
chf-ddf 1
336
3
eid-ddg 4
cdi-ddg 1
cgc-ddg 1
337
4
ech-ddh 1
ef-ddh 1
baa-ddh 5
edi-ddh 1
338
6
bjc-ddi 1
cfa-ddi 1
ehd-ddi 2
fib-ddi 1
jja-ddi 1
ef-ddi 2
339
6
ihj-ddj 1
ecg-ddj 3
dia-ddj 1
ccd-ddj 1
ehi-ddj 1
haa-ddj 2
340
6
edh-dea 1
bgi-dea 1
dia-dea 1
ebe-dea 1
ejd-dea 3
ief-dea 1
341
6
cbi-deb 4
hha-deb 1
fei-deb 1
hfg-deb 1
hjc-deb 1
hgj-deb 1
342
5
bg-dec 1
bfg-dec 3
bcgh-dec 1
fdc-dec 1
ba-dec 1
343
5
ihf-ded 3
gij-ded 3
ddc-ded 1
jab-ded 1
bdbb-ded 1
344
5
cia-dee 2
fhb-dee 1
dej-dee 1
fji-dee 3
dhc-dee 1
345
3
ceb-def 1
bajh-def 1
jfi-def 5
346
6
fhd-deg 3
hia-deg 1
bceg-deg 1
eec-deg 2
cfb-deg 1
cdh-deg 1
347
4
ifa-deh 1
gcf-deh 1
iji-deh 2
dj-deh 3
348
2
fif-dei 2
gjc-dei 1
349
4
fda-dej 1
bcah-dej 5
babg-dej 1
dif-dej 1
350
5
fie-dfa 2
bfb-dfa 1
hab-dfa 2
ege-dfa 1
eai-dfa 1
351
3
ehb-dfb 1
e-dfb 5
bde-dfb 1
352
7
eb-dfc 1
fgg-dfc 1
cjc-dfc 1
ddc-dfc 1
ca-dfc 1
fgj-dfc 2
ghb-dfc 1
353
6
gcb-dfd 1
idj-dfd 4
bga-dfd 1
da-dfd 1
bfcc-dfd 1
bbae-dfd 1
354
4
ejd-dfe 1
ii-dfe 1
baac-dfe 4
badc-dfe 1
355
5
jha-dff 1
gie-dff 2
ife-dff 1
hii-dff 4
heg-dff 1
356
3
cdj-dfg 1
eib-dfg 5
dhf-dfg 1
357
5
fhb-dfh 3
hg-dfh 1
beci-dfh 1
fee-dfh 1
bbcb-dfh 1
358
3
egd-dfi 1
baac-dfi 1
hgh-dfi 5
359
3
bbah-dfj 5
eb-dfj 1
ejd-dfj 1
360
5
fff-dga 2
g-dga 1
dgi-dga 1
cb-dga 1
bcdg-dga 4
361
2
cad-dgb 1
bcae-dgb 5
362
6
c-dgc 1
jja-dgc 1
fib-dgc 3
bdbb-dgc 1
jic-dgc 3
bc-dgc 1
363
9
ifg-dgd 1
cbc-dgd 1
ebc-dgd 1
bajj-dgd 1
feh-dgd 1
bfa-dgd 1
badi-dgd 2
bbjf-dgd 2
ifb-dgd 1
364
6
ef-dge 1
beaa-dge 2
bccf-dge 3
hcj-dge 1
dc-dge 1
ifc-dge 1
365
4
bffd-dgf 1
jfj-dgf 1
bbba-dgf 5
dhf-dgf 1
366
3
bg-dgg 2
dce-dgg 1
bced-dgg 3
367
2
idi-dgh 5
dff-dgh 1
368
5
bbf-dgi 1
cgg-dgi 1
ceb-dgi 1
ibf-dgi 2
deb-dgi 3
369
4
ghb-dgj 1
gg-dgj 3
bcab-dgj 1
bea-dgj 1
370
4
dji-dha 2
ecg-dha 1
jhi-dha 1
dij-dha 2
371
3
d-dhb 2
ebh-dhb 2
bajb-dhb 3
372
7
bbed-dhc 1
dbg-dhc 5
jii-dhc 1
bbce-dhc 1
ccd-dhc 1
bdab-dhc 1
dfg-dhc 1
373
6
hfh-dhd 1
fhc-dhd 1
ije-dhd 2
dgh-dhd 2
cdi-dhd 1
baeg-dhd 2
374
6
bbhb-dhe 1
dca-dhe 1
bbhi-dhe 3
bbii-dhe 2
ieg-dhe 1
ehb-dhe 1
375
5
baga-dhf 4
bcf-dhf 1
ebj-dhf 1
cjd-dhf 1
ich-dhf 1
376
4
bfe-dhg 4
begf-dhg 1
ida-dhg 1
beab-dhg 2
377
5
gbg-dhh 1
dgf-dhh 2
bdac-dhh 2
bbb-dhh 1
bbh-dhh 1
378
6
fhf-dhi 1
bcab-dhi 1
bbbb-dhi 1
fjf-dhi 1
ihg-dhi 4
ebh-dhi 1
379
7
begh-dhj 1
idf-dhj 2
idc-dhj 1
icc-dhj 1
ddj-dhj 2
fce-dhj 1
ecj-dhj 1
380
4
ecg-dia 5
jcc-dia 1
hge-dia 1
bdc-dia 1
381
4
cfd-dib 1
ffd-dib 1
bgg-dib 1
dhj-dib 4
382
8
jff-dic 1
hhd-dic 1
ebi-dic 1
fh-dic 1
hc-dic 1
dih-dic 1
edj-dic 2
bbgj-dic 1
383
6
bgj-did 1
eii-did 1
ccj-did 1
hid-did 1
bab-did 2
dhg-did 1
384
6
jeb-die 1
fac-die 1
fig-die 1
fea-die 1
dci-die 1
baag-die 4
385
1
bbdh-dif 1
386
3
fcd-dig 4
edj-dig 1
hih-dig 1
387
2
fdg-dih 5
bbjg-dih 1
388
2
bage-dii 1
bdeg-dii 1
389
5
cga-dij 1
eai-dij 1
ici-dij 5
hhe-dij 1
bacf-dij 1
390
2
bhe-dja 1
bdhi-dja 1
391
2
eee-djb 1
jjj-djb 5
392
3
dba-djc 1
jaj-djc 4
ddi-djc 1
393
6
bejh-djd 2
cie-djd 1
jif-djd 1
ceb-djd 1
jdd-djd 1
ifd-djd 2
394
7
dbi-dje 1
bbj-dje 1
he-dje 1
beaj-dje 5
dbh-dje 1
hag-dje 1
ddc-dje 1
395
2
eha-djf 1
di-djf 1
396
7
cji-djg 1
hca-djg 2
jbc-djg 1
bceg-djg 1
baa-djg 1
bcc-djg 1
efi-djg 2
397
9
bdef-djh 2
gai-djh 1
ebi-djh 1
djb-djh 1
bif-djh 1
beca-djh 1
gdg-djh 1
bdh-djh 1
cjc-djh 3
398
4
cic-dji 1
bahj-dji 1
cha-dji 2
hhj-dji 3
399
6
jib-djj 3
egi-djj 1
dda-djj 1
dec-djj 1
caj-djj 1
bbc-djj 2
400
7
hbg-eaa 1
hjj-eaa 1
ghi-eaa 1
bif-eaa 1
eji-eaa 1
jbb-eaa 1
bee-eaa 5
401
4
bbga-eab 4
fh-eab 1
bdha-eab 1
chi-eab 1
402
5
bagg-eac 1
cej-eac 4
jhi-eac 1
big-eac 1
bcc-eac 1
403
4
dj-ead 1
caf-ead 4
chj-ead 1
dce-ead 2
404
7
edd-eae 1
gai-eae 1
fhi-eae 1
gdc-eae 1
icb-eae 5
bic-eae 1
fed-eae 1
405
4
ghj-eaf 1
fde-eaf 2
jc-eaf 2
fgj-eaf 3
406
5
cfa-eag 1
ca-eag 1
gff-eag 4
hgb-eag 1
hea-eag 1
407
5
eca-eah 1
bbcf-eah 4
bcaj-eah 1
cgd-eah 1
gdj-eah 1
408
4
efh-eai 1
ffa-eai 1
bbec-eai 5
be-eai 1
409
4
beec-eaj 4
dfj-eaj 1
eae-eaj 1
jfa-eaj 1
410
6
cee-eba 1
feb-eba 1
bjj-eba 1
gih-eba 1
bif-eba 5
bebc-eba 1
411
7
ebg-ebb 1
fff-ebb 1
beb-ebb 1
ffd-ebb 2
fac-ebb 1
iij-ebb 3
ggb-ebb 1
412
3
baej-ebc 3
ecb-ebc 1
bjg-ebc 2
413
8
badb-ebd 2
dgi-ebd 1
had-ebd 1
cbb-ebd 1
ejb-ebd 1
cag-ebd 1
bdae-ebd 3
bcce-ebd 1
414
6
df-ebe 3
ceb-ebe 1
bfhc-ebe 1
ebb-ebe 2
hfg-ebe 1
dgb-ebe 1
415
4
fhf-ebf 2
bge-ebf 1
ijf-ebf 3
bfd-ebf 1
416
3
ghg-ebg 1
fga-ebg 3
dcf-ebg 2
417
4
bahf-ebh 1
daf-ebh 1
hdg-ebh 1
icg-ebh 5
418
3
ebc-ebi 1
hfe-ebi 5
ebd-ebi 1
419
5
igf-ebj 1
jgc-ebj 4
djj-ebj 1
ehi-ebj 1
ghd-ebj 1
420
5
eh-eca 1
jga-eca 5
dbf-eca 1
jff-eca 1
dhi-eca 1
421
2
daj-ecb 1
bchc-ecb 5
422
10
jc-ecc 1
bdie-ecc 1
idf-ecc 1
bdch-ecc 4
ejd-ecc 1
fbe-ecc 1
edi-ecc 1
gce-ecc 1
cd-ecc 1
babd-ecc 1
423
3
dha-ecd 1
fba-ecd 1
jfj-ecd 5
424
4
eeh-ece 1
eaa-ece 4
ici-ece 1
ecd-ece 1
425
6
beh-ecf 4
dh-ecf 1
eed-ecf 1
cib-ecf 1
dgb-ecf 1
dc-ecf 1
426
3
bcca-ecg 5
dfa-ecg 1
fbc-ecg 1
427
5
dbh-ech 1
bajd-ech 1
fcf-ech 1
hcd-ech 5
jjc-ech 1
428
4
dh-eci 1
cei-eci 1
hcg-eci 4
jac-eci 2
429
3
ihi-ecj 4
fbc-ecj 1
gbj-ecj 1
430
7
eai-eda 1
dhf-eda 4
hbd-eda 1
bbdb-eda 1
dgb-eda 1
bdcg-eda 1
igj-eda 1
431
7
eci-edb 1
ff-edb 1
jj-edb 2
gec-edb 1
gdd-edb 2
fb-edb 1
iia-edb 1
432
5
baa-edc 3
ihi-edc 2
dci-edc 1
ggi-edc 1
bhb-edc 1
433
6
cbe-edd 4
ebd-edd 1
gag-edd 1
bdh-edd 1
bai-edd 1
dfa-edd 1
434
4
ffi-ede 1
ejb-ede 1
jbb-ede 1
jh-ede 4
435
6
bdfe-edf 2
hba-edf 3
dic-edf 1
fah-edf 1
bdag-edf 1
ci-edf 1
436
6
cde-edg 2
ddc-edg 1
ggd-edg 1
bgd-edg 1
ie-edg 1
jgh-edg 2
437
5
dah-edh 1
hcd-edh 1
bbgb-edh 4
cfj-edh 1
beb-edh 1
438
9
gah-edi 1
ccg-edi 1
egf-edi 2
eja-edi 2
bjd-edi 1
baib-edi 1
bda-edi 1
cfj-edi 1
gie-edi 2
439
3
egf-edj 5
egj-edj 1
cfb-edj 1
440
4
igj-eea 1
gcc-eea 2
djh-eea 1
bgj-eea 3
441
4
hei-eeb 2
hgh-eeb 3
dec-eeb 1
bab-eeb 1
442
4
cbe-eec 1
dge-eec 3
bha-eec 1
hci-eec 2
443
4
fcg-eed 1
iaa-eed 5
jhc-eed 1
gcd-eed 1
444
3
chb-eee 1
fgi-eee 2
idg-eee 4
445
5
bdg-eef 5
dej-eef 1
bie-eef 1
jad-eef 1
bdcd-eef 1
446
6
dji-eeg 2
bfc-eeg 2
dcc-eeg 1
badg-eeg 1
cfe-eeg 1
chg-eeg 1
447
3
bcc-eeh 1
gbb-eeh 3
fbd-eeh 2
448
5
bih-eei 1
beed-eei 5
haj-eei 1
ejc-eei 1
fii-eei 1
449
4
bbif-eej 1
bcag-eej 2
bcih-eej 4
chc-eej 1
450
7
dhd-efa 1
jia-efa 3
egc-efa 1
bccg-efa 1
cbb-efa 1
ii-efa 1
hch-efa 2
451
3
eib-efb 1
ehc-efb 4
bbgj-efb 1
452
4
bhh-efc 1
ehd-efc 3
fdg-efc 2
hd-efc 1
453
4
fei-efd 5
bbc-efd 1
iac-efd 1
igj-efd 1
454
2
ija-efe 1
bcdb-efe 5
455
5
bjf-eff 5
hgf-eff 1
fff-eff 1
jge-eff 1
bbed-eff 1
456
5
fii-efg 1
bbj-efg 1
iib-efg 3
bcad-efg 3
daf-efg 1
457
7
bbeg-efh 1
iic-efh 3
fde-efh 1
ibb-efh 1
igc-efh 1
ded-efh 2
dci-efh 1
458
3
icc-efi 1
eec-efi 3
eed-efi 2
459
6
fje-efj 1
fhc-efj 1
bbca-efj 2
gde-efj 1
bbfa-efj 2
efe-efj 1
460
8
bja-ega 4
feh-ega 1
bbac-ega 1
cgd-ega 1
jca-ega 1
icf-ega 1
cbg-ega 1
bac-ega 1
461
6
bcdf-egb 3
fdb-egb 1
cdg-egb 1
efi-egb 1
hic-egb 2
jg-egb 1
462
2
ccj-egc 1
ddc-egc 2
463
4
ebd-egd 1
bbf-egd 1
bdhg-egd 1
cfa-egd 5
464
6
bg-ege 1
ifi-ege 2
dib-ege 1
fdb-ege 1
dbb-ege 1
ecb-ege 2
465
4
cha-egf 1
ifd-egf 3
fge-egf 1
eae-egf 2
466
5
idd-egg 2
jia-egg 1
ed-egg 1
eaj-egg 2
die-egg 1
467
3
gah-egh 1
iid-egh 5
cii-egh 1
468
4
cdi-egi 2
hef-egi 3
ghc-egi 1
efa-egi 1
469
6
jdg-egj 3
jj-egj 1
ibi-egj 1
baih-egj 1
ij-egj 1
dbi-egj 1
470
6
bjj-eha 1
fgd-eha 1
bbi-eha 1
cgh-eha 5
eid-eha 1
bcbi-eha 1
471
4
fei-ehb 1
hib-ehb 5
bfc-ehb 1
bj-ehb 1
472
2
cdh-ehc 1
iad-ehc 2
473
4
dfd-ehd 1
hcb-ehd 5
bffb-ehd 1
hjj-ehd 1
474
4
ibh-ehe 4
bebj-ehe 1
di-ehe 1
hje-ehe 1
475
5
fag-ehf 2
caa-ehf 1
jgj-ehf 2
hgh-ehf 2
cac-ehf 1
476
5
ddb-ehg 1
edf-ehg 3
hda-ehg 1
bdgh-ehg 2
cgg-ehg 1
477
5
gcc-ehh 1
had-ehh 1
ecf-ehh 4
dad-ehh 1
dcc-ehh 1
478
3
bbeg-ehi 1
jfd-ehi 5
fef-ehi 1
479
4
baeh-ehj 1
eci-ehj 2
bcgj-ehj 3
hbj-ehj 1
480
5
bfa-eia 2
cjj-eia 1
efb-eia 1
efc-eia 1
ddb-eia 2
481
4
iih-eib 4
bcji-eib 1
dg-eib 1
bbbe-eib 2
482
5
bdfb-eic 3
befh-eic 1
fhi-eic 1
bfef-eic 3
ebb-eic 1
483
6
bddi-eid 1
bfhj-eid 3
ejg-eid 1
bdg-eid 2
hc-eid 1
fbg-eid 1
484
5
baf-eie 1
bbaf-eie 1
gcf-eie 1
ffj-eie 2
gbb-eie 3
485
4
hac-eif 1
fdf-eif 4
daa-eif 2
djj-eif 1
486
4
ede-eig 1
bfeh-eig 3
fdf-eig 1
edi-eig 2
487
5
daa-eih 2
ifi-eih 2
jc-eih 1
efh-eih 1
cag-eih 2
488
4
fij-eii 1
bgb-eii 1
cfd-eii 1
bfdi-eii 5
489
5
jae-eij 3
ief-eij 1
dfg-eij 1
bje-eij 1
dcc-eij 2
490
3
babi-eja 4
iaj-eja 1
hej-eja 1
491
3
cdi-ejb 1
bhc-ejb 1
ibd-ejb 5
492
6
bcbe-ejc 3
eia-ejc 1
ggd-ejc 2
hgb-ejc 1
gji-ejc 1
daj-ejc 1
493
2
ige-ejd 5
iic-ejd 1
494
6
gic-eje 1
bfj-eje 1
cif-eje 1
ebj-eje 2
ege-eje 1
iei-eje 2
495
3
bgb-ejf 1
ecf-ejf 1
bfja-ejf 5
496
4
chd-ejg 2
ghb-ejg 1
feg-ejg 4
eb-ejg 1
497
4
egb-ejh 3
bbi-ejh 1
iaa-ejh 1
idi-ejh 2
498
5
hfb-eji 2
d-eji 2
dih-eji 1
cgh-eji 2
cdd-eji 2
499
2
hif-ejj 1
chf-ejj 5
500
5
dfb-faa 1
ice-faa 2
bbba-faa 3
dhg-faa 1
deg-faa 1
501
2
dda-fab 1
dbf-fab 2
502
5
bbii-fac 4
hdh-fac 1
cbh-fac 1
hbc-fac 2
cbi-fac 1
503
6
bdjg-fad 1
baei-fad 3
dih-fad 1
iej-fad 1
fgd-fad 1
cfh-fad 1
504
4
baba-fae 3
fje-fae 1
fej-fae 1
bdia-fae 2
505
3
bcja-faf 3
hid-faf 3
ice-faf 1
506
5
jif-fag 1
ggd-fag 1
hcd-fag 1
bahb-fag 1
dbf-fag 5
507
2
jbj-fah 2
bjf-fah 1
508
5
bcj-fai 1
badj-fai 1
eff-fai 1
gdj-fai 1
fdh-fai 4
509
6
ga-faj 1
iii-faj 1
ggb-faj 2
ghi-faj 1
bhe-faj 2
fgi-faj 1
510
4
cdi-fba 1
bge-fba 1
dii-fba 1
bbdb-fba 5
511
5
fic-fbb 1
jgi-fbb 4
jih-fbb 1
fid-fbb 1
geh-fbb 1
512
4
ejh-fbc 2
eeg-fbc 2
fej-fbc 1
baag-fbc 2
513
5
hej-fbd 2
jhc-fbd 3
eai-fbd 1
ejj-fbd 1
bih-fbd 2
514
3
fgi-fbe 1
bceh-fbe 5
bajc-fbe 1
515
1
jbh-fbf 1
516
2
dff-fbg 1
edb-fbg 2
517
6
hca-fbh 1
fdh-fbh 3
fgb-fbh 1
ib-fbh 1
bcjg-fbh 1
bc-fbh 2
518
5
bjb-fbi 3
ebf-fbi 2
dcc-fbi 1
cfg-fbi 1
eah-fbi 1
519
6
beig-fbj 1
ieg-fbj 1
fdc-fbj 1
fch-fbj 1
hb-fbj 1
hdc-fbj 5
520
5
gaj-fca 2
jib-fca 1
dce-fca 1
bccg-fca 3
bcie-fca 1
521
5
bhb-fcb 1
h-fcb 1
fij-fcb 1
bcdf-fcb 4
hbb-fcb 1
522
4
gic-fcc 1
bfca-fcc 5
gbd-fcc 1
fjh-fcc 1
523
4
hib-fcd 1
cba-fcd 5
cae-fcd 1
ghf-fcd 1
524
3
baec-fce 5
gia-fce 1
gjh-fce 1
525
7
cgf-fcf 1
bff-fcf 1
baib-fcf 2
ehe-fcf 3
cce-fcf 1
ebi-fcf 1
ejd-fcf 1
526
4
eig-fcg 1
gcc-fcg 5
bcah-fcg 1
bbe-fcg 1
527
8
bcee-fch 1
fcf-fch 1
cjb-fch 1
ecb-fch 2
beaj-fch 1
hfc-fch 1
eae-fch 2
bfgh-fch 1
528
8
iei-fci 1
dfd-fci 1
bbea-fci 1
iba-fci 2
fhg-fci 1
bjf-fci 1
dei-fci 1
dfh-fci 2
529
6
hge-fcj 2
egd-fcj 1
fcg-fcj 1
ghc-fcj 1
heb-fcj 1
ffb-fcj 2
530
6
cfd-fda 2
bhi-fda 1
bbbd-fda 2
bhj-fda 1
edf-fda 2
gca-fda 1
531
5
eha-fdb 5
ffg-fdb 1
ccf-fdb 1
def-fdb 1
bcga-fdb 1
532
6
dhh-fdc 1
bbjb-fdc 1
bahi-fdc 3
cif-fdc 1
eg-fdc 1
dad-fdc 1
533
9
eaf-fdd 1
bfha-fdd 1
bei-fdd 1
baif-fdd 1
baei-fdd 2
dfb-fdd 1
hid-fdd 1
bfie-fdd 1
edd-fdd 2
534
3
jj-fde 3
fih-fde 1
egb-fde 2
535
6
bade-fdf 1
fbj-fdf 1
gdc-fdf 1
fdg-fdf 1
ibe-fdf 4
cgg-fdf 1
536
5
gje-fdg 1
bach-fdg 4
bhi-fdg 1
gbh-fdg 1
bdhg-fdg 1
537
7
cjd-fdh 1
bcjh-fdh 1
ffa-fdh 1
gf-fdh 1
hjd-fdh 1
deb-fdh 3
cdc-fdh 1
538
2
bh-fdi 1
jii-fdi 5
539
2
bdfh-fdj 5
hbh-fdj 1
540
5
bdcd-fea 3
bbia-fea 2
caf-fea 1
ee-fea 1
bceb-fea 1
541
6
cid-feb 1
dfh-feb 2
ibd-feb 1
ih-feb 1
hgh-feb 1
ieb-feb 3
542
3
bfij-fec 1
bfcg-fec 5
ffe-fec 1
543
5
bbhb-fed 3
hdi-fed 3
fdh-fed 1
eac-fed 1
fjd-fed 1
544
5
ecb-fee 1
fff-fee 1
be-fee 1
bbaa-fee 3
ihf-fee 2
545
5
bbfh-fef 1
dfe-fef 1
bfdg-fef 4
bdad-fef 1
je-fef 1
546
6
hgh-feg 5
bcgj-feg 1
bi-feg 1
ihh-feg 1
ijc-feg 1
bd-feg 1
547
5
hei-feh 1
chc-feh 1
bch-feh 1
djg-feh 4
bbdc-feh 1
548
6
eeg-fei 1
bcgi-fei 1
ffc-fei 1
fbi-fei 1
begd-fei 5
dbc-fei 1
549
4
hhe-fej 2
eji-fej 1
dfe-fej 2
gcg-fej 2
550
5
gch-ffa 2
dce-ffa 1
bfef-ffa 3
df-ffa 1
idb-ffa 1
551
7
cfd-ffb 1
gda-ffb 1
ica-ffb 2
i-ffb 1
cbd-ffb 1
jfe-ffb 1
dab-ffb 3
552
4
bdj-ffc 1
ejg-ffc 1
hbb-ffc 4
bgc-ffc 1
553
3
jaf-ffd 1
eia-ffd 1
dij-ffd 5
554
2
hdc-ffe 2
baba-ffe 1
555
7
baj-fff 1
jbf-fff 1
chc-fff 1
baae-fff 2
fgj-fff 1
edi-fff 1
hfd-fff 2
556
1
ffi-ffg 1
557
2
fja-ffh 1
e-ffh 5
558
5
cdj-ffi 2
gaj-ffi 1
bcdd-ffi 2
cif-ffi 1
fed-ffi 1
559
4
dfd-ffj 1
baid-ffj 1
gih-ffj 1
gfi-ffj 3
560
8
bbhg-fga 1
bhe-fga 2
bdib-fga 1
gei-fga 1
ceb-fga 1
eae-fga 2
cie-fga 1
igi-fga 1
561
3
dba-fgb 1
eei-fgb 1
gff-fgb 5
562
5
dgd-fgc 1
dbd-fgc 1
bagf-fgc 4
cjb-fgc 1
jad-fgc 1
563
6
dij-fgd 1
bie-fgd 1
bfff-fgd 1
fb-fgd 1
bfic-fgd 4
ffa-fgd 1
564
2
ibf-fge 1
gjf-fge 5
565
2
ha-fgf 2
def-fgf 1
566
2
bih-fgg 1
ice-fgg 2
567
3
jcf-fgh 3
dbh-fgh 2
jjf-fgh 2
568
4
eeh-fgi 1
hjf-fgi 1
dfg-fgi 5
bcbi-fgi 1
569
4
egh-fgj 1
ghj-fgj 5
bdc-fgj 1
gbh-fgj 1
570
3
bfi-fha 1
bfig-fha 1
fhc-fha 4
571
6
feb-fhb 1
beaa-fhb 1
hfe-fhb 1
beeb-fhb 1
bajf-fhb 1
bfcb-fhb 5
572
6
cba-fhc 1
ijj-fhc 1
bbi-fhc 1
bgea-fhc 1
hch-fhc 1
bfed-fhc 5
573
4
dgi-fhd 1
cih-fhd 3
dea-fhd 1
hic-fhd 2
574
5
hci-fhe 2
jbe-fhe 1
gge-fhe 1
ebh-fhe 2
dic-fhe 1
575
2
ffb-fhf 1
gad-fhf 2
576
4
da-fhg 1
bbfh-fhg 3
fjc-fhg 2
jbb-fhg 1
577
1
cba-fhh 1
578
4
jcb-fhi 2
idd-fhi 1
bja-fhi 4
bcgj-fhi 1
579
5
gaj-fhj 1
fgf-fhj 1
ii-fhj 2
fag-fhj 3
bgde-fhj 1
580
4
bb-fia 1
cdd-fia 1
hga-fia 1
gcc-fia 4
581
3
gjb-fib 1
fgb-fib 5
bag-fib 1
582
6
cea-fic 2
hgg-fic 1
ijd-fic 1
ifh-fic 1
cif-fic 1
bgaj-fic 3
583
6
gif-fid 1
hh-fid 1
cdd-fid 1
fh-fid 1
bbaa-fid 5
cih-fid 1
584
3
ffb-fie 1
efe-fie 4
bccf-fie 2
585
4
bbc-fif 1
ibj-fif 1
gge-fif 4
bfcg-fif 2
586
6
eib-fig 3
dec-fig 2
bjc-fig 1
ejg-fig 1
gfa-fig 1
bfj-fig 1
587
3
bcc-fih 1
id-fih 3
ed-fih 2
588
4
bcfh-fii 1
gde-fii 2
bagb-fii 3
haf-fii 1
589
3
bdfi-fij 1
ebj-fij 4
fdf-fij 1
590
3
edj-fja 5
cih-fja 1
bhf-fja 1
591
9
hc-fjb 1
gef-fjb 2
hae-fjb 3
egg-fjb 1
bggb-fjb 1
cij-fjb 1
cja-fjb 1
gcg-fjb 1
caa-fjb 1
592
5
hdf-fjc 1
baee-fjc 1
dbg-fjc 1
cie-fjc 5
bcff-fjc 1
593
2
cif-fjd 2
ecc-fjd 1
594
4
hci-fje 2
fba-fje 2
bbac-fje 2
hdj-fje 1
595
3
bahg-fjf 3
fhc-fjf 2
jhf-fjf 2
596
2
bhg-fjg 1
bcfe-fjg 5
597
6
fdf-fjh 1
ei-fjh 1
ddd-fjh 1
g-fjh 2
baij-fjh 3
babb-fjh 1
598
9
iga-fji 2
fij-fji 1
ejc-fji 1
ehf-fji 1
hh-fji 1
bddi-fji 1
jbi-fji 2
cdf-fji 1
bgb-fji 1
599
3
gj-fjj 1
ddi-fjj 1
bbg-fjj 4
600
4
gbb-gaa 1
bacj-gaa 5
gie-gaa 1
gjf-gaa 1
601
3
ejg-gab 1
gdh-gab 5
ca-gab 1
602
1
cca-gac 1
603
6
hij-gad 1
bjc-gad 1
cdf-gad 1
jjh-gad 1
bdfe-gad 4
bf-gad 1
604
7
bd-gae 1
eig-gae 1
bfi-gae 3
jci-gae 1
hca-gae 1
ceb-gae 1
ghc-gae 1
605
1
bjh-gaf 1
606
5
dff-gag 1
bcba-gag 1
jij-gag 2
bahg-gag 2
dgc-gag 2
607
5
fac-gah 2
ici-gah 1
cjc-gah 1
cdd-gah 1
iaf-gah 3
608
2
gff-gai 1
daa-gai 1
609
4
di-gaj 5
bcde-gaj 1
ccf-gaj 1
iae-gaj 1
610
5
gcb-gba 1
bbge-gba 3
hgc-gba 1
bbib-gba 2
fdi-gba 1
611
6
efh-gbb 1
dhf-gbb 1
bfjj-gbb 2
becb-gbb 1
cgb-gbb 1
eja-gbb 3
612
6
hb-gbc 1
ga-gbc 1
bbhc-gbc 1
bbh-gbc 1
bej-gbc 1
baab-gbc 4
613
4
cg-gbd 1
fcb-gbd 2
bbcd-gbd 3
gca-gbd 1
614
1
bgfd-gbe 1
615
4
bdcf-gbf 2
fgd-gbf 2
bbeh-gbf 1
ccj-gbf 2
616
4
hhb-gbg 1
dhh-gbg 3
bbcb-gbg 2
dga-gbg 1
617
3
ejj-gbh 1
ff-gbh 5
dje-gbh 1
618
7
bacg-gbi 1
ifc-gbi 3
dib-gbi 1
cfd-gbi 1
ej-gbi 1
dbi-gbi 1
bbeh-gbi 2
619
4
gch-gbj 1
bbfi-gbj 4
eaa-gbj 1
jej-gbj 1
620
7
haj-gca 2
hbg-gca 2
iid-gca 1
gfd-gca 1
jig-gca 1
ddd-gca 1
bbfc-gca 1
621
6
jca-gcb 1
bbbb-gcb 1
cab-gcb 2
bch-gcb 1
bfbd-gcb 3
bafh-gcb 1
622
8
iie-gcc 1
gaj-gcc 1
ejb-gcc 1
bafc-gcc 2
baad-gcc 1
bbii-gcc 1
baee-gcc 1
cdh-gcc 3
623
4
bgbi-gcd 1
ja-gcd 1
egf-gcd 4
bbjd-gcd 1
624
3
dhb-gce 2
bdfi-gce 2
fai-gce 3
625
3
daf-gcf 1
cgj-gcf 3
baii-gcf 3
626
4
cce-gcg 1
ijg-gcg 4
hgd-gcg 1
chg-gcg 1
627
5
fjh-gch 1
bdc-gch 4
cih-gch 1
ffb-gch 1
eja-gch 1
628
6
fdc-gci 1
cea-gci 2
bga-gci 2
ghh-gci 1
igb-gci 3
gid-gci 1
629
2
ebb-gcj 5
ged-gcj 1
630
2
ihh-gda 2
bdcf-gda 1
631
4
cb-gdb 1
bdci-gdb 1
eah-gdb 5
bbg-gdb 1
632
5
igj-gdc 1
babf-gdc 1
cah-gdc 2
gbe-gdc 1
ifc-gdc 2
633
4
hfi-gdd 1
efh-gdd 1
bcag-gdd 3
dgb-gdd 2
634
5
gba-gde 1
hed-gde 1
gah-gde 1
baeb-gde 4
cdd-gde 1
635
4
bhc-gdf 1
bchf-gdf 3
hjh-gdf 1
gfe-gdf 2
636
5
gfd-gdg 1
bddj-gdg 4
db-gdg 1
bajh-gdg 1
hag-gdg 1
637
4
jci-gdh 5
if-gdh 1
iih-gdh 1
bdfd-gdh 1
638
1
jcc-gdi 1
639
3
dib-gdj 2
cei-gdj 1
gjg-gdj 4
640
5
edi-gea 1
jh-gea 1
dea-gea 3
eaa-gea 2
cda-gea 1
641
5
hhd-geb 4
eff-geb 1
hfa-geb 1
begg-geb 1
fcb-geb 1
642
2
ihd-gec 5
ffc-gec 1
643
1
bdbj-ged 1
644
1
dda-gee 1
645
4
bdgj-gef 1
dfi-gef 5
gfh-gef 1
gij-gef 1
646
4
bfcj-geg 3
gaj-geg 1
baaa-geg 1
cie-geg 2
647
4
bjh-geh 1
gah-geh 1
jg-geh 5
iai-geh 1
648
4
ffa-gei 1
iba-gei 2
daf-gei 4
eeb-gei 1
649
5
fec-gej 2
cab-gej 1
gda-gej 1
hgi-gej 3
bge-gej 1
650
2
hbc-gfa 1
bgeg-gfa 1
651
4
gfj-gfb 1
bcbi-gfb 1
jhj-gfb 5
g-gfb 1
652
4
baha-gfc 3
bche-gfc 2
bcb-gfc 2
ccf-gfc 1
653
3
gch-gfd 2
hjb-gfd 1
bdbg-gfd 4
654
3
bif-gfe 1
baci-gfe 5
hfa-gfe 1
655
7
bga-gff 1
egf-gff 1
idi-gff 5
hh-gff 1
ehe-gff 1
jbi-gff 1
eci-gff 1
656
4
chc-gfg 1
cef-gfg 1
jaj-gfg 1
bahh-gfg 5
657
4
iga-gfh 2
jaj-gfh 2
ffb-gfh 2
bi-gfh 1
658
5
ech-gfi 1
ghc-gfi 1
dbd-gfi 1
becd-gfi 5
jeh-gfi 1
659
1
bdba-gfj 1
660
3
hhe-gga 1
gbc-gga 1
bhe-gga 5
661
4
bee-ggb 2
eae-ggb 4
igf-ggb 1
bej-ggb 1
662
2
bgae-ggc 5
id-ggc 1
663
4
djj-ggd 1
jhh-ggd 4
igd-ggd 1
cjh-ggd 1
664
9
eeb-gge 1
bdc-gge 1
bfid-gge 1
efd-gge 3
ehc-gge 1
gaj-gge 1
ifg-gge 1
beg-gge 1
beai-gge 1
665
5
bcdj-ggf 1
feh-ggf 1
hab-ggf 1
ibj-ggf 1
jfj-ggf 4
666
4
bih-ggg 1
caf-ggg 1
dij-ggg 5
die-ggg 1
667
1
cab-ggh 1
668
3
cgh-ggi 4
cbc-ggi 1
bfc-ggi 2
669
1
idj-ggj 1
670
4
bfgj-gha 1
ifc-gha 4
gdh-gha 2
gii-gha 1
671
6
bgef-ghb 1
idb-ghb 2
bgae-ghb 1
bbfg-ghb 2
bbff-ghb 1
ccg-ghb 1
672
8
jjf-ghc 1
cib-ghc 1
fhi-ghc 1
begg-ghc 1
fea-ghc 1
efi-ghc 1
bch-ghc 1
beid-ghc 3
673
3
did-ghd 1
egj-ghd 4
bae-ghd 1
674
3
ccb-ghe 2
ggg-ghe 2
cji-ghe 3
675
1
ggb-ghf 1
676
4
fhb-ghg 4
dhh-ghg 1
cej-ghg 1
fdj-ghg 1
677
3
fdi-ghh 1
bacj-ghh 1
cbc-ghh 4
678
4
daf-ghi 4
bge-ghi 1
cic-ghi 1
hai-ghi 1
679
5
fcd-ghj 1
eig-ghj 1
bcbc-ghj 5
hec-ghj 1
fdb-ghj 1
680
4
hbf-gia 2
ied-gia 2
ccg-gia 1
egg-gia 2
681
3
cic-gib 1
bbhf-gib 5
ehj-gib 1
682
5
bjc-gic 1
bbga-gic 1
gge-gic 1
dhi-gic 4
fed-gic 1
683
2
cjj-gid 5
ddg-gid 1
684
3
ihe-gie 1
iih-gie 5
ici-gie 1
685
5
bcig-gif 1
jea-gif 1
gdf-gif 1
hge-gif 4
bcdi-gif 1
686
4
ijf-gig 3
gj-gig 1
bbe-gig 2
cec-gig 1
687
5
bbfb-gih 1
fic-gih 1
baai-gih 1
die-gih 2
badc-gih 4
688
3
cgf-gii 1
ib-gii 1
baab-gii 5
689
5
bei-gij 2
fgh-gij 1
ehh-gij 1
ibd-gij 2
ehf-gij 1
690
2
ecd-gja 5
bajc-gja 1
691
1
ebc-gjb 1
692
5
gbe-gjc 3
hji-gjc 1
ca-gjc 1
hg-gjc 1
behb-gjc 2
693
1
gad-gjd 1
694
4
bhc-gje 4
eca-gje 1
bbdf-gje 2
b-gje 1
695
3
ieg-gjf 3
dig-gjf 2
hdh-gjf 1
696
6
egg-gjg 1
dci-gjg 1
bdda-gjg 1
bfb-gjg 1
behg-gjg 3
bbic-gjg 1
697
3
cbg-gjh 5
dfd-gjh 1
cje-gjh 1
698
2
bbgf-gji 1
ghe-gji 2
699
4
hhe-gjj 1
cg-gjj 1
iii-gjj 4
fbi-gjj 1
700
4
bjj-haa 2
dg-haa 1
bcea-haa 3
dbe-haa 1
701
3
fij-hab 2
gc-hab 2
bcfg-hab 3
702
4
gdb-hac 4
bcbg-hac 2
eif-hac 1
gid-hac 1
703
1
iec-had 1
704
6
hea-hae 1
bbic-hae 3
ije-hae 1
fac-hae 1
chi-hae 2
idb-hae 1
705
5
cdd-haf 1
gic-haf 1
jji-haf 1
jda-haf 5
bbcd-haf 1
706
6
ecj-hag 1
dfg-hag 1
dic-hag 1
bcgb-hag 1
hje-hag 3
beje-hag 1
707
4
ghg-hah 1
dcd-hah 1
fda-hah 4
efj-hah 2
708
3
bce-hai 1
bfh-hai 1
hfh-hai 4
709
1
bdjj-haj 1
710
3
bega-hba 1
gee-hba 1
bdbi-hba 4
711
4
eee-hbb 1
cgj-hbb 1
fac-hbb 3
cfb-hbb 2
712
3
jdg-hbc 3
ffc-hbc 3
bdif-hbc 1
713
6
jjf-hbd 1
eij-hbd 1
bdff-hbd 5
bcbd-hbd 1
bei-hbd 1
iah-hbd 1
714
3
fc-hbe 4
edh-hbe 1
fji-hbe 2
715
3
fcf-hbf 5
dga-hbf 1
jf-hbf 1
716
5
bdjf-hbg 2
egh-hbg 1
gde-hbg 2
jh-hbg 1
ife-hbg 2
717
4
dbj-hbh 1
ci-hbh 2
ifg-hbh 1
babe-hbh 4
718
2
jfh-hbi 2
egd-hbi 1
719
2
jge-hbj 1
bedf-hbj 2
720
7
ead-hca 1
g-hca 1
ejj-hca 1
hcf-hca 1
cib-hca 1
jid-hca 1
ibe-hca 2
721
5
ffe-hcb 1
jba-hcb 1
cha-hcb 1
bdfa-hcb 1
bahd-hcb 5
722
2
iee-hcc 1
cie-hcc 2
723
5
jee-hcd 5
bgi-hcd 1
hhf-hcd 1
ghf-hcd 1
bdhb-hcd 1
724
7
dha-hce 1
ejf-hce 2
gfj-hce 1
eab-hce 2
bchf-hce 2
beaf-hce 1
bde-hce 1
725
5
gad-hcf 4
hhc-hcf 1
cih-hcf 1
b-hcf 1
bbae-hcf 1
726
4
ja-hcg 1
jjg-hcg 1
baed-hcg 2
ibf-hcg 3
727
4
fci-hch 2
jcb-hch 1
ghe-hch 1
gdg-hch 3
728
5
baef-hci 1
fbf-hci 1
ggi-hci 2
bdff-hci 2
geh-hci 2
729
6
hdb-hcj 1
ejb-hcj 1
bbbg-hcj 1
jd-hcj 1
bbgd-hcj 4
eec-hcj 2
730
5
idc-hda 1
dec-hda 3
ffb-hda 2
ea-hda 1
eda-hda 1
731
4
fei-hdb 1
bejg-hdb 2
jh-hdb 1
bfhg-hdb 4
732
6
cej-hdc 1
cbi-hdc 1
gig-hdc 1
bdac-hdc 2
befb-hdc 3
jbf-hdc 2
733
4
cih-hdd 1
bdg-hdd 5
bcf-hdd 1
ejb-hdd 1
734
3
bbjf-hde 2
jfh-hde 4
gdj-hde 1
735
5
bcfg-hdf 1
bbha-hdf 3
gbh-hdf 2
fad-hdf 1
dci-hdf 1
736
3
fjc-hdg 5
dac-hdg 1
eba-hdg 1
737
3
baga-hdh 1
ihb-hdh 2
fec-hdh 4
738
3
iae-hdi 1
bic-hdi 1
beah-hdi 5
739
4
haa-hdj 4
jbj-hdj 1
bci-hdj 1
eci-hdj 2
740
8
fdf-hea 1
djb-hea 2
cb-hea 1
bdfd-hea 1
befg-hea 2
bcji-hea 1
jb-hea 1
jjg-hea 1
741
2
icg-heb 5
fab-heb 1
742
4
bdda-hec 1
bdhc-hec 4
bfjg-hec 1
fai-hec 1
743
3
bcbg-hed 4
ffe-hed 2
bfei-hed 1
744
3
bfhd-hee 4
gbf-hee 2
ijb-hee 1
745
5
bfch-hef 1
gha-hef 1
bge-hef 1
beg-hef 1
bjd-hef 5
746
3
fid-heg 1
ceb-heg 1
bcdd-heg 5
747
4
hii-heh 4
dcb-heh 1
ed-heh 1
ggc-heh 1
748
3
ie-hei 1
fad-hei 2
if-hei 3
749
4
cec-hej 2
gcc-hej 1
ccd-hej 1
bgbd-hej 3
750
5
jhg-hfa 1
jga-hfa 1
befe-hfa 2
dgc-hfa 2
bdi-hfa 1
751
5
gc-hfb 1
beh-hfb 1
icd-hfb 3
bff-hfb 2
egc-hfb 1
752
3
gjh-hfc 4
gab-hfc 1
bcdc-hfc 2
753
4
bad-hfd 1
bcec-hfd 1
eih-hfd 4
ddc-hfd 1
754
4
gac-hfe 1
dfb-hfe 1
ejg-hfe 2
bahd-hfe 4
755
3
bacc-hff 3
hge-hff 3
bbci-hff 1
756
3
gfd-hfg 1
ij-hfg 1
bbac-hfg 5
757
5
ede-hfh 5
bbaj-hfh 1
ihf-hfh 1
eci-hfh 1
ibb-hfh 1
758
3
eci-hfi 1
heb-hfi 1
beih-hfi 5
759
3
bfhi-hfj 5
jfc-hfj 1
gaa-hfj 1
760
2
fdb-hga 1
bbg-hga 5
761
6
bdf-hgb 1
gcc-hgb 1
iaj-hgb 1
dfj-hgb 1
hfc-hgb 3
bccd-hgb 1
762
4
hje-hgc 2
fea-hgc 1
fia-hgc 3
dej-hgc 1
763
2
bedb-hgd 1
bbfa-hgd 2
764
3
efg-hge 1
beff-hge 5
jdc-hge 1
765
4
fea-hgf 1
icd-hgf 2
bci-hgf 1
bafe-hgf 3
766
3
ehf-hgg 1
ddc-hgg 1
baib-hgg 1
767
2
dej-hgh 5
deg-hgh 1
768
4
baai-hgi 1
cdb-hgi 1
baja-hgi 4
hah-hgi 1
769
1
bbjj-hgj 1
770
6
dag-hha 1
bi-hha 1
ihj-hha 3
baad-hha 1
hdd-hha 1
ii-hha 1
771
5
bbaj-hhb 1
dfa-hhb 1
fj-hhb 1
gfa-hhb 1
bbaa-hhb 4
772
3
eia-hhc 1
fhc-hhc 1
beff-hhc 5
773
4
ch-hhd 1
bbd-hhd 1
gaa-hhd 5
bdec-hhd 1
774
5
bdfa-hhe 1
dji-hhe 1
eff-hhe 4
fcd-hhe 1
gja-hhe 1
775
4
ed-hhf 1
bcf-hhf 2
bafj-hhf 3
dag-hhf 1
776
4
ga-hhg 1
dgd-hhg 4
bcd-hhg 1
hbb-hhg 2
777
2
haa-hhh 2
ebd-hhh 1
778
2
dcj-hhi 1
bdci-hhi 5
779
7
bfag-hhj 3
idc-hhj 1
chi-hhj 1
jec-hhj 2
hie-hhj 1
cbg-hhj 1
beb-hhj 1
780
3
dbf-hia 1
bbie-hia 2
jdd-hia 4
781
3
bbi-hib 5
ccc-hib 1
bbfb-hib 1
782
4
dcc-hic 1
bgcf-hic 4
dhd-hic 1
chh-hic 1
783
1
bgdg-hid 1
784
2
bgbb-hie 2
bjg-hie 1
785
3
fje-hif 3
ggc-hif 2
cii-hif 2
786
3
fig-hig 5
che-hig 1
gb-hig 1
787
5
eii-hih 1
iaf-hih 1
ddh-hih 4
bdbe-hih 1
bfg-hih 1
788
4
jaj-hii 1
cgi-hii 5
djb-hii 1
fej-hii 1
789
6
hag-hij 1
fj-hij 1
bbbd-hij 1
dif-hij 2
jff-hij 1
bji-hij 3
790
2
gbd-hja 1
fae-hja 2
791
3
bde-hjb 1
cbb-hjb 1
cfh-hjb 5
792
7
hcc-hjc 1
bbfi-hjc 2
gaj-hjc 1
bfhe-hjc 3
edj-hjc 1
ifd-hjc 1
hbi-hjc 1
793
2
fef-hjd 5
bbd-hjd 1
794
2
bdja-hje 2
fgj-hje 1
795
3
beji-hjf 1
gid-hjf 1
edj-hjf 5
796
7
gci-hjg 1
gdj-hjg 1
cfa-hjg 2
igd-hjg 1
eda-hjg 1
jdh-hjg 1
jgg-hjg 1
797
2
bcg-hjh 1
caj-hjh 2
798
3
iac-hji 1
hfj-hji 5
bba-hji 1
799
7
bace-hjj 1
fe-hjj 1
cjf-hjj 1
gah-hjj 3
beea-hjj 1
fgd-hjj 3
bgc-hjj 1
800
6
cij-iaa 1
deb-iaa 1
eef-iaa 1
jcg-iaa 2
ead-iaa 1
dhc-iaa 3
801
3
ech-iab 5
cdh-iab 1
bdbh-iab 1
802
3
hia-iac 1
eic-iac 1
hbi-iac 4
803
5
cgd-iad 4
d-iad 1
jcd-iad 1
cba-iad 1
dd-iad 1
804
5
fjd-iae 1
cib-iae 1
cjg-iae 1
bcd-iae 1
cdf-iae 5
805
4
gjf-iaf 4
ejf-iaf 1
ecj-iaf 1
jd-iaf 1
806
4
ejg-iag 1
bage-iag 5
ihd-iag 1
begg-iag 1
807
2
fei-iah 1
dad-iah 2
808
4
gf-iai 1
jh-iai 1
beja-iai 1
dje-iai 5
809
3
gci-iaj 1
bddg-iaj 4
gbh-iaj 1
810
5
bbba-iba 3
ejb-iba 1
bbbj-iba 1
bcb-iba 1
bafb-iba 3
811
2
bead-ibb 1
iha-ibb 5
812
2
bbgf-ibc 5
egb-ibc 1
813
2
bgcj-ibd 2
bdhd-ibd 1
814
3
bbcc-ibe 4
jbe-ibe 1
fba-ibe 2
815
3
dje-ibf 1
dih-ibf 2
bffh-ibf 3
816
4
bafg-ibg 1
ceb-ibg 1
efj-ibg 1
fhg-ibg 4
817
3
babb-ibh 4
bahj-ibh 1
eja-ibh 2
818
5
fii-ibi 1
jib-ibi 1
gi-ibi 1
fdi-ibi 4
bjc-ibi 1
819
4
bbdb-ibj 2
hae-ibj 1
dfd-ibj 2
bbcd-ibj 2
820
5
jde-ica 1
becf-ica 3
dgi-ica 2
edc-ica 1
bcfh-ica 1
821
3
hfi-icb 5
fib-icb 1
fhj-icb 1
822
2
fdh-icc 1
edb-icc 1
823
5
hj-icd 3
jaa-icd 1
hcd-icd 1
eig-icd 1
jaj-icd 2
824
3
hgi-ice 1
jfh-ice 1
ehd-ice 5
825
4
cih-icf 1
dbb-icf 1
bcha-icf 1
fce-icf 4
826
3
bjj-icg 5
gcg-icg 1
bcdi-icg 1
827
2
beei-ich 5
djd-ich 1
828
3
jc-ici 5
dfa-ici 1
cj-ici 1
829
2
jie-icj 5
hbe-icj 1
830
5
bhf-ida 1
jbh-ida 1
hee-ida 1
bcfd-ida 5
ehj-ida 1
831
7
cdh-idb 1
fce-idb 1
bach-idb 2
ghi-idb 2
jcb-idb 1
bfjd-idb 1
cii-idb 1
832
3
iij-idc 1
gjg-idc 5
djj-idc 1
833
4
bbah-idd 1
fih-idd 1
bfda-idd 4
fj-idd 1
834
1
fgc-ide 1
835
5
dh-idf 2
jhi-idf 1
dii-idf 2
bajg-idf 1
efa-idf 2
836
4
bagf-idg 1
ic-idg 1
bfi-idg 1
dhd-idg 4
837
3
bad-idh 2
hhg-idh 2
gdg-idh 3
838
5
ech-idi 1
bbdd-idi 1
baeh-idi 1
bgfa-idi 4
hhc-idi 1
839
3
bcc-idj 3
bgf-idj 1
fdj-idj 3
840
4
eeb-iea 1
bij-iea 1
chb-iea 1
bebf-iea 5
841
3
bdaj-ieb 1
fhb-ieb 4
bbie-ieb 2
842
5
hfg-iec 5
iff-iec 1
bbca-iec 1
hfh-iec 1
fgf-iec 1
843
4
bbid-ied 3
hhb-ied 1
bche-ied 1
jac-ied 3
844
3
bdcd-iee 1
efc-iee 2
baje-iee 3
845
4
bfc-ief 3
ea-ief 1
hag-ief 1
bbah-ief 2
846
5
idd-ieg 4
ffh-ieg 1
ebg-ieg 1
hcd-ieg 1
fjj-ieg 1
847
4
bchj-ieh 4
bge-ieh 1
bjg-ieh 1
caj-ieh 1
848
6
gdf-iei 1
efg-iei 3
dbf-iei 1
behf-iei 1
bcgb-iei 1
hgi-iei 3
849
2
bbh-iej 5
bdi-iej 1
850
5
hcf-ifa 3
ccc-ifa 2
bdbe-ifa 1
bbbi-ifa 1
bdih-ifa 1
851
3
dfh-ifb 3
bagh-ifb 3
fgh-ifb 1
852
6
bchg-ifc 4
jid-ifc 1
fdj-ifc 1
cee-ifc 1
ejj-ifc 1
gfa-ifc 1
853
4
bah-ifd 1
cf-ifd 2
ijh-ifd 1
bbhd-ifd 4
854
3
dad-ife 2
bbdj-ife 1
hjf-ife 4
855
5
cgi-iff 1
efe-iff 5
bjb-iff 1
fb-iff 1
jgf-iff 1
856
3
jci-ifg 1
bgeb-ifg 4
be-ifg 2
857
4
eif-ifh 1
baga-ifh 1
baai-ifh 2
cid-ifh 3
858
2
bcci-ifi 2
badf-ifi 1
859
1
chb-ifj 1
860
2
gfj-iga 1
ebb-iga 5
861
2
cif-igb 5
gb-igb 1
862
3
eaf-igc 2
bcgi-igc 4
gh-igc 1
863
3
ggg-igd 3
ife-igd 3
hfd-igd 1
864
3
dbi-ige 1
dbj-ige 1
hjc-ige 4
865
1
egi-igf 1
866
1
babd-igg 1
867
1
hag-igh 1
868
3
gag-igi 1
bbg-igi 2
bcbj-igi 3
869
4
jba-igj 3
dde-igj 1
bdie-igj 2
gih-igj 1
870
4
hgf-iha 1
jfa-iha 1
bbfe-iha 1
bcdj-iha 4
871
2
bbcj-ihb 5
eii-ihb 1
872
3
eba-ihc 1
ehj-ihc 4
jfd-ihc 1
873
4
bbdd-ihd 3
behh-ihd 3
fj-ihd 1
bgei-ihd 1
874
3
hdj-ihe 1
hdi-ihe 2
hdg-ihe 4
875
5
bbad-ihf 4
bfcc-ihf 1
eh-ihf 1
ijj-ihf 1
cfb-ihf 1
876
4
gbf-ihg 1
bcj-ihg 1
cdj-ihg 2
gij-ihg 4
877
3
gih-ihh 2
cib-ihh 4
eef-ihh 1
878
5
bdgf-ihi 5
hdb-ihi 1
gjh-ihi 1
bebh-ihi 1
jg-ihi 1
879
2
cef-ihj 1
caf-ihj 5
880
3
fid-iia 1
fgb-iia 5
hfh-iia 1
881
5
cfb-iib 1
id-iib 1
baeb-iib 4
chd-iib 1
bafa-iib 1
882
4
fag-iic 2
gfa-iic 1
iie-iic 1
jje-iic 3
883
4
cej-iid 1
iae-iid 1
bfei-iid 1
ffa-iid 4
884
5
bec-iie 1
bgc-iie 1
bejf-iie 3
jee-iie 2
cbb-iie 1
885
2
hif-iif 1
bbei-iif 1
886
3
hjb-iig 1
ddg-iig 1
hcg-iig 5
887
1
hbj-iih 1
888
1
bbib-iii 1
889
1
baaa-iij 1
890
3
dbj-ija 3
bcfe-ija 1
iaa-ija 2
891
1
ega-ijb 1
892
4
bbf-ijc 2
hg-ijc 2
cgi-ijc 2
bcij-ijc 1
893
3
gdh-ijd 1
hfi-ijd 1
beda-ijd 5
894
4
beef-ije 4
bbbj-ije 2
bef-ije 1
gda-ije 1
895
2
bj-ijf 5
hei-ijf 1
896
2
behi-ijg 5
ig-ijg 1
897
2
hhg-ijh 1
bii-ijh 2
898
1
gd-iji 1
899
2
iaf-ijj 2
cff-ijj 1
900
3
jbg-jaa 1
cf-jaa 1
bbjh-jaa 5
901
3
baej-jab 2
gbe-jab 3
djh-jab 1
902
5
ejj-jac 2
ibb-jac 1
bgg-jac 1
hca-jac 1
ghg-jac 2
903
3
bcij-jad 5
dgj-jad 1
djc-jad 1
904
3
bbih-jae 5
cja-jae 1
ee-jae 1
905
2
bgd-jaf 1
bdig-jaf 2
906
3
cbc-jag 4
cg-jag 2
bdij-jag 1
907
6
bajg-jah 1
bchh-jah 2
baia-jah 3
bcif-jah 1
cfe-jah 1
fie-jah 1
908
5
gbj-jai 2
bbbg-jai 3
bffi-jai 1
efa-jai 1
hah-jai 1
909
2
ebd-jaj 5
iic-jaj 1
910
3
bdef-jba 1
gej-jba 5
cgd-jba 1
911
2
dhg-jbb 1
gjc-jbb 1
912
2
gbg-jbc 1
jca-jbc 5
913
3
bfad-jbd 3
bgh-jbd 1
dij-jbd 2
914
3
fbj-jbe 4
bbig-jbe 1
de-jbe 2
915
5
jbe-jbf 1
bedi-jbf 5
cc-jbf 1
hai-jbf 1
gfg-jbf 1
916
5
baie-jbg 2
igc-jbg 1
bdid-jbg 1
ehd-jbg 3
bjd-jbg 1
917
3
bji-jbh 1
babf-jbh 3
dbd-jbh 3
918
2
bdcc-jbi 5
hai-jbi 1
919
5
ieg-jbj 1
hdc-jbj 2
jhb-jbj 1
daa-jbj 1
ejd-jbj 2
920
4
jfg-jca 4
jde-jca 1
fdh-jca 1
idf-jca 2
921
4
hhf-jcb 1
gae-jcb 2
faj-jcb 3
ihh-jcb 1
922
3
fej-jcc 1
gfb-jcc 5
fjg-jcc 1
923
4
bagh-jcd 1
hgh-jcd 3
ied-jcd 1
jcc-jcd 2
924
1
bafi-jce 1
925
3
ghe-jcf 1
igj-jcf 4
djc-jcf 1
926
3
babe-jcg 1
ggg-jcg 5
cfj-jcg 1
927
1
hhh-jch 1
928
6
gih-jci 2
fch-jci 1
hhe-jci 1
bfbf-jci 4
fb-jci 1
beia-jci 1
929
1
ceb-jcj 1
930
3
bdig-jda 5
cjb-jda 1
bgdf-jda 1
931
5
hge-jdb 2
jhc-jdb 1
jji-jdb 1
bbaj-jdb 1
cgf-jdb 2
932
3
jc-jdc 1
gdh-jdc 4
hbh-jdc 1
933
3
dhc-jdd 4
ffh-jdd 1
dic-jdd 2
934
6
bcjb-jde 1
bie-jde 1
baad-jde 1
ha-jde 1
bdgi-jde 1
bi-jde 5
935
1
cbe-jdf 1
936
7
cjh-jdg 1
ibi-jdg 2
bhb-jdg 1
bh-jdg 1
fbf-jdg 1
gea-jdg 1
dhj-jdg 2
937
1
ea-jdh 1
938
1
dfb-jdi 1
939
4
jfj-jdj 4
ja-jdj 1
eic-jdj 2
dhb-jdj 1
940
2
ef-jea 1
ije-jea 5
941
1
jad-jeb 1
942
5
badg-jec 1
bdfg-jec 1
ehc-jec 3
bgb-jec 1
dae-jec 1
943
1
djc-jed 1
944
4
cfg-jee 1
ej-jee 1
ceg-jee 1
hjb-jee 5
945
5
badj-jef 3
bbje-jef 2
fad-jef 1
bbfe-jef 1
beh-jef 1
946
2
baib-jeg 1
bbj-jeg 5
947
3
bgdb-jeh 4
ddj-jeh 2
bafe-jeh 1
948
2
eff-jei 2
jja-jei 1
949
3
fgj-jej 1
ehb-jej 3
dch-jej 3
950
4
iec-jfa 2
bhe-jfa 2
chb-jfa 1
fdj-jfa 3
951
3
cge-jfb 1
bbdb-jfb 2
ebb-jfb 4
952
3
jgb-jfc 5
egb-jfc 1
cgh-jfc 1
953
2
fbd-jfd 1
babc-jfd 2
954
4
egf-jfe 1
bfgb-jfe 5
bcif-jfe 1
c-jfe 1
955
3
ee-jff 1
bfeb-jff 2
egg-jff 4
956
4
ghc-jfg 1
fic-jfg 1
bccb-jfg 2
ega-jfg 3
957
5
fdf-jfh 2
bffj-jfh 1
eij-jfh 1
ddc-jfh 1
gfb-jfh 3
958
4
dii-jfi 1
eib-jfi 1
bbj-jfi 2
befa-jfi 4
959
5
jfa-jfj 1
bcaj-jfj 1
eac-jfj 1
bcc-jfj 1
bdhe-jfj 5
960
5
bfcf-jga 1
bagg-jga 1
bfab-jga 1
fdf-jga 1
bfcd-jga 5
961
1
ecd-jgb 1
962
5
ied-jgc 1
babj-jgc 1
ibd-jgc 4
bba-jgc 1
cfa-jgc 1
963
1
ghb-jgd 1
964
5
bagf-jge 1
gbf-jge 1
bedj-jge 2
bcgj-jge 4
dda-jge 1
965
5
bhg-jgf 1
i-jgf 4
fjd-jgf 1
fbf-jgf 1
hhj-jgf 2
966
3
heh-jgg 3
bajc-jgg 2
cfd-jgg 1
967
2
jcb-jgh 1
dfc-jgh 2
968
2
iae-jgi 5
gjf-jgi 1
969
1
hfb-jgj 1
970
4
efh-jha 1
ghd-jha 3
bea-jha 1
jia-jha 3
971
1
ejg-jhb 1
972
4
eej-jhc 4
hei-jhc 1
ced-jhc 1
gga-jhc 1
973
2
gba-jhd 5
geb-jhd 1
974
3
jae-jhe 2
bbai-jhe 4
jih-jhe 1
975
4
behe-jhf 2
bajj-jhf 3
gid-jhf 1
fch-jhf 1
976
2
fbi-jhg 1
hde-jhg 5
977
3
bfia-jhh 4
gab-jhh 1
gej-jhh 1
978
3
fca-jhi 1
bcj-jhi 4
bagi-jhi 1
979
1
eei-jhj 1
980
7
bje-jia 1
baac-jia 1
ecc-jia 1
bded-jia 4
baca-jia 1
ddg-jia 1
hdd-jia 1
981
4
bjf-jib 2
iac-jib 2
gda-jib 1
bab-jib 1
982
2
igj-jic 5
hff-jic 1
983
4
bgfj-jid 3
jff-jid 2
bdgd-jid 1
cag-jid 1
984
3
hdb-jie 2
cij-jie 1
baih-jie 3
985
4
hah-jif 3
dge-jif 1
bdih-jif 1
bb-jif 3
986
3
bafi-jig 1
bbe-jig 1
gha-jig 4
987
3
jhi-jih 2
gfi-jih 2
bfa-jih 3
988
4
cei-jii 1
ihe-jii 1
ddf-jii 5
bjh-jii 1
989
2
ge-jij 5
bah-jij 1
990
1
idh-jja 1
991
6
cjc-jjb 1
bdi-jjb 2
hja-jjb 2
ieg-jjb 1
ihg-jjb 1
jif-jjb 1
992
3
jbg-jjc 2
bcgb-jjc 4
jhg-jjc 1
993
1
daj-jjd 1
994
5
badd-jje 1
baig-jje 2
hdd-jje 1
ej-jje 1
bbcg-jje 3
995
2
ccf-jjf 1
hja-jjf 5
996
2
efa-jjg 1
gfc-jjg 1
997
1
geh-jjh 1
998
2
hef-jji 5
j-jji 1
999
3
bcci-jjj 5
baea-jjj 1
edg-jjj 1
1000
1
fgi-baaa 1
1001
5
bbdf-baab 1
efi-baab 1
ifd-baab 2
bc-baab 1
jeg-baab 3
1002
2
hig-baac 1
jbh-baac 5
1003
4
ceb-baad 4
ehj-baad 1
bbbh-baad 2
jcd-baad 1
1004
2
dib-baae 1
eje-baae 5
1005
2
baae-baaf 5
bdej-baaf 1
1006
5
fc-baag 1
beja-baag 1
jci-baag 4
cdc-baag 1
ffj-baag 1
1007
2
jab-baah 1
baef-baah 5
1008
4
bacb-baai 2
dgd-baai 1
igj-baai 1
baha-baai 3
1009
1
ceb-baaj 1
1010
5
ehi-baba 5
dfi-baba 1
haj-baba 1
bbfb-baba 1
jdf-baba 1
1011
3
edh-babb 1
ggi-babb 1
djh-babb 5
1012
5
jga-babc 1
ege-babc 1
if-babc 1
baif-babc 1
beag-babc 4
1013
3
bddi-babd 1
dfe-babd 5
gec-babd 1
1014
4
ije-babe 1
ebj-babe 5
dbj-babe 1
cjc-babe 1
1015
2
ceg-babf 1
begj-babf 5
1016
3
bbdj-babg 1
beba-babg 3
bdhd-babg 3
1017
2
cbg-babh 2
baia-babh 1
1018
3
gd-babi 1
cdb-babi 2
baij-babi 4
1019
3
bfib-babj 1
bbcg-babj 3
fdc-babj 3
1020
1
igh-baca 1
1021
6
jhb-bacb 1
bcje-bacb 2
jce-bacb 1
bgbj-bacb 2
heb-bacb 1
jg-bacb 2
1022
3
hbc-bacc 1
feg-bacc 1
gdb-bacc 5
1023
1
jgf-bacd 1
1024
2
bbcd-bace 1
dhb-bace 1
1025
1
ifd-bacf 1
1026
2
cja-bacg 1
bgdb-bacg 2
1027
3
bih-bach 5
fdd-bach 1
baag-bach 1
1028
2
egi-baci 1
ejc-baci 5
1029
4
ibj-bacj 1
ib-bacj 1
iha-bacj 5
bada-bacj 1
1030
4
gdb-bada 3
hej-bada 2
ecj-bada 1
bbcf-bada 2
1031
3
dcd-badb 1
bdf-badb 4
bddf-badb 1
1032
3
ifg-badc 5
hfg-badc 1
cad-badc 1
1033
3
jc-badd 1
gh-badd 1
bcac-badd 5
1034
1
ega-bade 1
1035
1
fgh-badf 1
1036
2
bbbf-badg 1
jhi-badg 1
1037
2
fhe-badh 1
bbgj-badh 2
1038
2
bbdi-badi 5
ghg-badi 1
1039
4
bjf-badj 5
ijj-badj 1
bbhf-badj 1
ff-badj 1
1040
4
jgg-baea 1
cid-baea 1
he-baea 1
hdd-baea 4
1041
4
fd-baeb 1
bbaf-baeb 1
bdcj-baeb 5
iag-baeb 1
1042
5
ccb-baec 1
jha-baec 3
bcac-baec 1
jaa-baec 1
hbg-baec 2
1043
1
djc-baed 1
1044
1
baeg-baee 1
1045
4
efd-baef 1
gj-baef 1
fi-baef 4
bdbf-baef 1
1046
4
jdc-baeg 2
baic-baeg 1
hhd-baeg 2
bcef-baeg 3
1047
2
ihg-baeh 1
dfd-baeh 2
1048
4
bcig-baei 3
bhc-baei 1
chj-baei 1
bagg-baei 3
1049
4
bdfj-baej 2
bbhh-baej 4
bdij-baej 1
hih-baej 1
1050
5
babe-bafa 2
dgj-bafa 2
cff-bafa 1
hgc-bafa 1
jdj-bafa 1
1051
4
baah-bafb 1
bbbd-bafb 2
bcji-bafb 1
gdg-bafb 4
1052
4
gfg-bafc 1
hii-bafc 5
bbef-bafc 1
jce-bafc 1
1053
2
cfa-bafd 5
fei-bafd 1
1054
3
dhc-bafe 1
bgf-bafe 1
fdd-bafe 5
1055
2
bfif-baff 5
hcj-baff 1
1056
1
fdd-bafg 1
1057
1
jbd-bafh 1
1058
4
chi-bafi 1
bbgf-bafi 1
bag-bafi 1
bhj-bafi 4
1059
3
bcag-bafj 1
hef-bafj 5
gfi-bafj 1
1060
2
bbag-baga 5
ded-baga 1
1061
2
bcgd-bagb 1
fhb-bagb 5
1062
1
gie-bagc 1
1063
3
hgd-bagd 4
ibg-bagd 1
beg-bagd 1
1064
4
bbcj-bage 1
babh-bage 1
jhf-bage 5
jfb-bage 1
1065
2
bede-bagf 5
bgd-bagf 1
1066
5
fcb-bagg 3
hgb-bagg 2
jid-bagg 1
bbgh-bagg 1
baie-bagg 1
1067
6
cgf-bagh 2
eab-bagh 1
ijg-bagh 1
jbd-bagh 1
cde-bagh 1
gje-bagh 2
1068
3
ehh-bagi 1
bcac-bagi 5
ggh-bagi 1
1069
3
bad-bagj 1
bgj-bagj 1
jhd-bagj 5
1070
2
bcgf-baha 1
bgcc-baha 2
1071
2
cgc-bahb 1
bgah-bahb 2
1072
1
hbg-bahc 1
1073
6
dbb-bahd 4
efa-bahd 1
bcgf-bahd 1
beij-bahd 1
behd-bahd 1
dii-bahd 1
1074
1
bcdi-bahe 1
1075
2
bagd-bahf 2
ffi-bahf 1
1076
2
bgc-bahg 1
gjc-bahg 5
1077
4
jab-bahh 1
hea-bahh 1
bedg-bahh 3
bahg-bahh 2
1078
4
ghc-bahi 4
hab-bahi 1
ia-bahi 1
ceh-bahi 1
1079
2
fbe-bahj 1
ghi-bahj 1
1080
3
jif-baia 1
gaf-baia 1
bgg-baia 5
1081
2
iac-baib 1
hih-baib 1
1082
3
iaa-baic 3
bcgg-baic 2
babi-baic 2
1083
2
ib-baid 1
bejd-baid 2
1084
5
chg-baie 1
bade-baie 2
bai-baie 1
iaf-baie 2
efc-baie 2
1085
1
jcb-baif 1
1086
4
hif-baig 2
jgh-baig 2
edd-baig 3
ihc-baig 1
1087
6
becj-baih 4
bbgd-baih 1
bcgf-baih 1
eea-baih 1
bcej-baih 1
gcf-baih 1
1088
2
ffj-baii 1
bbab-baii 2
1089
3
bha-baij 1
bfh-baij 1
ife-baij 5
1090
4
cgg-baja 1
bcfj-baja 3
bif-baja 1
cdh-baja 2
1091
3
bafj-bajb 3
bdfg-bajb 1
ji-bajb 2
1092
3
dhb-bajc 3
bbae-bajc 2
hih-bajc 1
1093
4
edc-bajd 1
hha-bajd 4
hhg-bajd 1
bfjc-bajd 1
1094
4
gfi-baje 4
hhe-baje 1
bdab-baje 1
iej-baje 2
1095
5
jcd-bajf 1
bcje-bajf 1
jeb-bajf 1
eca-bajf 1
bbgi-bajf 5
1096
2
fi-bajg 1
cgf-bajg 1
1097
2
hba-bajh 1
bia-bajh 1
1098
2
baje-baji 5
bhf-baji 1
1099
3
eci-bajj 1
ejh-bajj 1
bajf-bajj 5
1100
3
ghb-bbaa 1
beeg-bbaa 1
bcfa-bbaa 5
1101
2
cde-bbab 1
bbfc-bbab 5
1102
4
iif-bbac 1
bejd-bbac 1
fed-bbac 1
dce-bbac 4
1103
2
jbh-bbad 1
bbag-bbad 1
1104
6
hg-bbae 1
bcfc-bbae 1
bgba-bbae 1
gid-bbae 1
gc-bbae 4
eah-bbae 1
1105
2
eff-bbaf 5
hhg-bbaf 1
1106
1
gff-bbag 1
1107
4
fhe-bbah 2
beci-bbah 2
bfjh-bbah 1
cja-bbah 2
1108
3
bhj-bbai 5
bdch-bbai 1
bafj-bbai 1
1109
1
ich-bbaj 1
1110
5
jid-bbba 1
babb-bbba 1
hdb-bbba 5
hde-bbba 1
cgd-bbba 1
1111
1
hed-bbbb 1
1112
1
dff-bbbc 1
1113
4
bbh-bbbd 1
icb-bbbd 1
bgab-bbbd 3
baec-bbbd 2
1114
3
bccj-bbbe 4
dhj-bbbe 1
bcc-bbbe 2
1115
3
cef-bbbf 3
faj-bbbf 2
gej-bbbf 1
1116
3
baci-bbbg 1
ief-bbbg 4
icb-bbbg 2
1117
2
ehg-bbbh 2
bagc-bbbh 1
1118
2
bac-bbbi 5
gee-bbbi 1
1119
3
bgdj-bbbj 3
big-bbbj 1
bahe-bbbj 2
1120
2
jcc-bbca 5
bdd-bbca 1
1121
6
fbc-bbcb 1
djj-bbcb 1
iee-bbcb 1
jfd-bbcb 2
hih-bbcb 2
ccc-bbcb 1
1122
2
bgf-bbcc 1
hbd-bbcc 5
1123
3
gje-bbcd 2
baii-bbcd 3
jjd-bbcd 1
1124
2
iff-bbce 2
gde-bbce 1
1125
2
bbae-bbcf 1
fhc-bbcf 5
1126
3
bdid-bbcg 2
fcg-bbcg 1
ccj-bbcg 4
1127
1
icb-bbch 1
1128
2
bie-bbci 1
babh-bbci 5
1129
2
bbbb-bbcj 1
hee-bbcj 5
1130
3
bbji-bbda 1
jde-bbda 5
ehh-bbda 1
1131
5
ifa-bbdb 3
hjj-bbdb 1
bfdj-bbdb 1
idc-bbdb 3
bbf-bbdb 1
1132
1
jh-bbdc 1
1133
5
eii-bbdd 1
gid-bbdd 1
bci-bbdd 3
beb-bbdd 1
fgh-bbdd 1
1134
1
jif-bbde 1
1135
3
gbi-bbdf 5
baed-bbdf 1
gbc-bbdf 1
1136
3
bid-bbdg 1
bgdc-bbdg 4
bhc-bbdg 2
1137
3
ghb-bbdh 4
eef-bbdh 1
bcjd-bbdh 2
1138
3
baee-bbdi 1
hbh-bbdi 5
bcba-bbdi 1
1139
1
ghi-bbdj 1
1140
3
cga-bbea 2
dfh-bbea 1
df-bbea 4
1141
5
ihd-bbeb 4
ji-bbeb 1
bffc-bbeb 1
bbae-bbeb 1
bbde-bbeb 1
1142
2
cai-bbec 1
bcie-bbec 5
1143
1
jc-bbed 1
1144
2
bdee-bbee 5
gcj-bbee 1
1145
4
ce-bbef 1
badd-bbef 1
fjf-bbef 1
fjb-bbef 5
1146
3
bcjg-bbeg 2
bgbc-bbeg 1
eca-bbeg 3
1147
2
eg-bbeh 5
ghj-bbeh 1
1148
2
eif-bbei 1
gej-bbei 2
1149
3
fci-bbej 2
fja-bbej 1
bcbb-bbej 4
1150
2
jf-bbfa 1
bacc-bbfa 5
1151
5
baji-bbfb 3
fgd-bbfb 1
ghj-bbfb 1
bbgg-bbfb 2
bdah-bbfb 1
1152
2
ibh-bbfc 5
bfej-bbfc 1
1153
4
bdje-bbfd 1
eaa-bbfd 3
bdcj-bbfd 2
ebc-bbfd 1
1154
2
bbgi-bbfe 5
chg-bbfe 1
1155
6
dbh-bbff 1
fcc-bbff 2
ihi-bbff 1
bdjd-bbff 2
hg-bbff 1
jig-bbff 1
1156
4
bfee-bbfg 5
fea-bbfg 1
eee-bbfg 1
bcjh-bbfg 1
1157
3
gec-bbfh 1
efd-bbfh 1
bbjg-bbfh 5
1158
3
bace-bbfi 1
bfhb-bbfi 1
bbej-bbfi 5
1159
4
ifc-bbfj 5
babh-bbfj 1
cbc-bbfj 1
cje-bbfj 1
1160
2
eji-bbga 1
jbc-bbga 5
1161
4
iic-bbgb 1
hgd-bbgb 2
hi-bbgb 4
jff-bbgb 1
1162
1
bafa-bbgc 1
1163
1
bgag-bbgd 1
1164
4
bbff-bbge 3
ddd-bbge 1
eb-bbge 3
ihg-bbge 1
1165
1
fcj-bbgf 1
1166
4
gfh-bbgg 1
bcde-bbgg 1
ca-bbgg 1
bdai-bbgg 4
1167
1
bbei-bbgh 1
1168
4
bfi-bbgi 1
jab-bbgi 1
bdgi-bbgi 1
jgi-bbgi 5
1169
4
bbcj-bbgj 1
eah-bbgj 2
bejh-bbgj 3
hjc-bbgj 1
1170
2
begi-bbha 5
fbe-bbha 1
1171
2
djd-bbhb 1
iec-bbhb 5
1172
3
jdi-bbhc 1
cbh-bbhc 5
bca-bbhc 1
1173
4
j-bbhd 3
bdb-bbhd 2
ece-bbhd 1
bced-bbhd 1
1174
4
gfe-bbhe 1
bbgb-bbhe 4
fh-bbhe 1
id-bbhe 1
1175
3
baif-bbhf 1
dia-bbhf 5
bfec-bbhf 1
1176
1
bai-bbhg 1
1177
2
bcjf-bbhh 1
beee-bbhh 5
1178
2
bfge-bbhi 1
hgi-bbhi 5
1179
1
c-bbhj 1
1180
3
ei-bbia 3
ij-bbia 1
edb-bbia 3
1181
1
bdi-bbib 1
1182
2
befc-bbic 1
iab-bbic 5
1183
1
bbdd-bbid 1
1184
3
def-bbie 3
dee-bbie 2
bbhj-bbie 1
1185
2
dcj-bbif 5
bij-bbif 1
1186
1
cig-bbig 1
1187
2
gc-bbih 5
bfd-bbih 1
1188
2
jhc-bbii 1
bfgf-bbii 5
1189
3
beci-bbij 1
cdd-bbij 1
bbdf-bbij 5
1190
2
fec-bbja 2
bacb-bbja 1
1191
2
ffj-bbjb 5
gje-bbjb 1
1192
3
bhc-bbjc 1
ii-bbjc 5
bbha-bbjc 1
1193
1
jig-bbjd 1
1194
1
cbd-bbje 1
1195
4
jbg-bbjf 2
dji-bbjf 1
haj-bbjf 4
fcj-bbjf 1
1196
3
hjb-bbjg 1
bagj-bbjg 5
bbfe-bbjg 1
1197
2
jih-bbjh 1
bcjb-bbjh 5
1198
3
ijh-bbji 2
bch-bbji 2
hhi-bbji 3
1199
1
cig-bbjj 1
1200
2
bgb-bcaa 5
bbie-bcaa 1
1201
4
bchi-bcab 2
dfi-bcab 1
jjj-bcab 2
gce-bcab 2
1202
3
had-bcac 1
hac-bcac 1
fa-bcac 4
1203
3
bgcb-bcad 4
hcd-bcad 1
bdf-bcad 2
1204
2
bdaj-bcae 1
ibg-bcae 2
1205
3
bbha-bcaf 2
jh-bcaf 1
bcda-bcaf 4
1206
2
babb-bcag 1
bgch-bcag 5
1207
1
eed-bcah 1
1208
1
bbcj-bcai 1
1209
1
bbji-bcaj 1
1210
2
gfc-bcba 1
ejb-bcba 2
1211
3
die-bcbb 3
bdbj-bcbb 3
hag-bcbb 1
1212
5
bbai-bcbc 1
ef-bcbc 1
bafj-bcbc 3
dbe-bcbc 1
bcij-bcbc 1
1213
1
baca-bcbd 1
1214
2
gda-bcbe 1
bdd-bcbe 2
1215
2
igc-bcbf 1
bged-bcbf 1
1216
3
dbh-bcbg 1
iea-bcbg 4
behc-bcbg 1
1217
1
bhg-bcbh 1
1218
3
jdd-bcbi 4
jcf-bcbi 1
bfcf-bcbi 1
1219
3
hjj-bcbj 4
hgc-bcbj 1
bcch-bcbj 1
1220
4
bdhj-bcca 1
fb-bcca 1
jfe-bcca 5
behj-bcca 1
1221
3
egb-bccb 3
bcag-bccb 1
cid-bccb 3
1222
1
edj-bccc 1
1223
3
behg-bccd 2
ced-bccd 1
bfed-bccd 4
1224
2
eci-bcce 2
iib-bcce 1
1225
2
bajb-bccf 1
bfhd-bccf 5
1226
2
badf-bccg 1
begg-bccg 5
1227
1
hjg-bcch 1
1228
2
hjd-bcci 5
bcae-bcci 1
1229
6
cfg-bccj 1
gbe-bccj 3
bg-bccj 1
dci-bccj 1
bdeb-bccj 1
hci-bccj 2
1230
3
beii-bcda 1
dh-bcda 4
ijd-bcda 2
1231
3
bbeb-bcdb 5
baci-bcdb 1
bddd-bcdb 1
1232
4
ghb-bcdc 1
bfga-bcdc 1
bccd-bcdc 5
bcj-bcdc 1
1233
3
bdid-bcdd 1
bbfh-bcdd 1
bagh-bcdd 4
1234
5
bcha-bcde 1
cba-bcde 1
beje-bcde 3
baji-bcde 2
gic-bcde 1
1235
1
bbef-bcdf 1
1236
3
chc-bcdg 2
jje-bcdg 2
hjc-bcdg 3
1237
2
faf-bcdh 2
bchf-bcdh 1
1238
3
cfg-bcdi 4
hee-bcdi 2
becb-bcdi 1
1239
1
fdb-bcdj 1
1240
1
becb-bcea 1
1241
2
bfcf-bceb 1
idj-bceb 5
1242
1
dgj-bcec 1
1243
1
bcjd-bced 1
1244
6
iai-bcee 2
ejh-bcee 1
ffd-bcee 1
gdf-bcee 1
bdca-bcee 1
bdja-bcee 2
1245
2
fbb-bcef 1
fbj-bcef 5
1246
1
cca-bceg 1
1247
4
bge-bceh 1
fab-bceh 1
bbdf-bceh 2
bdae-bceh 3
1248
1
bci-bcei 1
1249
3
jfh-bcej 4
gif-bcej 1
ef-bcej 1
1250
2
jfh-bcfa 5
djh-bcfa 1
1251
1
gbc-bcfb 1
1252
2
jbj-bcfc 1
cig-bcfc 2
1253
3
jeh-bcfd 1
idg-bcfd 5
beie-bcfd 1
1254
1
jh-bcfe 1
1255
4
ddd-bcff 1
hfh-bcff 2
begg-bcff 3
iie-bcff 1
1256
2
bcje-bcfg 1
fjj-bcfg 5
1257
1
egd-bcfh 1
1258
1
ihe-bcfi 1
1259
4
jii-bcfj 1
bchb-bcfj 5
ibc-bcfj 1
cig-bcfj 1
1260
1
ghc-bcga 1
1261
2
jae-bcgb 1
eai-bcgb 2
1262
2
bahc-bcgc 1
beih-bcgc 5
1263
1
gba-bcgd 1
1264
3
bddi-bcge 1
baih-bcge 4
bgh-bcge 1
1265
1
bbga-bcgf 1
1266
2
bfhf-bcgg 5
beej-bcgg 1
1267
2
bdjg-bcgh 5
cbj-bcgh 1
1268
4
bfh-bcgi 1
bge-bcgi 1
hce-bcgi 2
fca-bcgi 3
1269
3
beae-bcgj 3
bdbg-bcgj 2
bfci-bcgj 1
1270
2
deh-bcha 2
dgg-bcha 1
1271
2
bdfj-bchb 5
hhd-bchb 1
1272
2
cej-bchc 5
bdb-bchc 1
1273
2
bdaf-bchd 1
jbd-bchd 1
1274
2
gcd-bche 1
becg-bche 1
1275
2
bfag-bchf 5
hdj-bchf 1
1276
4
idc-bchg 1
hhj-bchg 1
hga-bchg 2
bebi-bchg 3
1277
5
bbij-bchh 1
bcjb-bchh 1
hhi-bchh 1
bcjj-bchh 3
cjb-bchh 1
1278
2
ifh-bchi 1
bcdj-bchi 1
1279
1
jcd-bchj 1
1280
5
hhg-bcia 1
baid-bcia 1
bgec-bcia 4
hid-bcia 1
ibc-bcia 1
1281
4
bje-bcib 3
bfgd-bcib 3
dde-bcib 1
bdcc-bcib 1
1282
1
iji-bcic 1
1283
1
bede-bcid 1
1284
3
bebd-bcie 1
bbgh-bcie 1
eic-bcie 5
1285
2
bdjb-bcif 2
jhh-bcif 1
1286
1
fae-bcig 1
1287
1
cae-bcih 1
1288
3
bafh-bcii 1
cga-bcii 2
jeh-bcii 3
1289
1
ebd-bcij 1
1290
3
ica-bcja 1
hhd-bcja 4
bbfi-bcja 2
1291
2
bcaa-bcjb 1
dba-bcjb 1
1292
2
bbdg-bcjc 1
bbaf-bcjc 1
1293
1
hdf-bcjd 1
1294
1
bbfh-bcje 1
1295
4
fda-bcjf 1
bdjc-bcjf 3
dde-bcjf 2
bedc-bcjf 1
1296
2
jce-bcjg 1
eii-bcjg 5
1297
1
dch-bcjh 1
1298
2
dg-bcji 1
ida-bcji 5
1299
2
bfgi-bcjj 1
fig-bcjj 1
1300
3
gcj-bdaa 1
eba-bdaa 1
edh-bdaa 5
1301
2
iji-bdab 2
bdib-bdab 1
1302
2
cgb-bdac 2
gba-bdac 1
1303
3
ch-bdad 3
jdi-bdad 1
dja-bdad 2
1304
2
bahi-bdae 1
bbif-bdae 1
1305
1
ga-bdaf 1
1306
1
badg-bdag 1
1307
2
ibd-bdah 2
beeg-bdah 1
1308
2
bajh-bdai 1
baij-bdai 2
1309
2
je-bdaj 1
hed-bdaj 1
1310
1
bbch-bdba 1
1311
1
jeh-bdbb 1
1312
1
bcgf-bdbc 1
1313
1
cdg-bdbd 1
1314
1
hh-bdbe 1
1315
1
hf-bdbf 1
1316
3
ddc-bdbg 1
hdj-bdbg 1
bfii-bdbg 1
1317
1
jhg-bdbh 1
1318
2
dbc-bdbi 2
bfbc-bdbi 1
1319
4
dhe-bdbj 1
gid-bdbj 3
jfa-bdbj 2
bbci-bdbj 1
1320
1
fej-bdca 1
1321
2
cii-bdcb 1
ibj-bdcb 2
1322
2
iig-bdcc 1
bdhf-bdcc 5
1323
2
bdgd-bdcd 1
bbcb-bdcd 1
1324
1
jfc-bdce 1
1325
1
faa-bdcf 1
1326
1
bce-bdcg 1
1327
2
hgc-bdch 1
cac-bdch 1
1328
2
ci-bdci 1
efh-bdci 5
1329
2
jjc-bdcj 1
feb-bdcj 1
1330
2
efh-bdda 5
bebj-bdda 1
1331
1
bbbg-bddb 1
1332
1
dee-bddc 1
1333
2
bcbf-bddd 1
daa-bddd 1
1334
2
bid-bdde 1
jif-bdde 5
1335
3
bbbg-bddf 2
bbcc-bddf 3
gig-bddf 1
1336
1
badj-bddg 1
1337
1
bffa-bddh 1
1338
1
fjg-bddi 1
1339
3
bbbe-bddj 3
bcaf-bddj 3
bj-bddj 1
1340
1
dc-bdea 1
1341
2
jaf-bdeb 1
bdif-bdeb 2
1342
4
cca-bdec 1
ida-bdec 1
bfaf-bdec 5
bfeg-bdec 1
1343
2
bbbi-bded 1
befd-bded 5
1344
3
cgc-bdee 1
bcie-bdee 2
gii-bdee 3
1345
2
bbeg-bdef 1
hbe-bdef 5
1346
3
bgfb-bdeg 1
iai-bdeg 1
hdh-bdeg 1
1347
2
cfc-bdeh 2
ecj-bdeh 1
1348
1
bccd-bdei 1
1349
2
jag-bdej 2
bfaa-bdej 1
1350
3
jjf-bdfa 1
hdb-bdfa 3
bje-bdfa 3
1351
2
ijg-bdfb 5
icf-bdfb 1
1352
1
hdc-bdfc 1
1353
2
bec-bdfd 2
efb-bdfd 1
1354
2
bfeg-bdfe 1
gdf-bdfe 2
1355
1
jga-bdff 1
1356
2
bib-bdfg 1
bdic-bdfg 5
1357
2
bege-bdfh 1
bacc-bdfh 2
1358
2
jcf-bdfi 1
becc-bdfi 5
1359
3
hae-bdfj 5
cdf-bdfj 1
bbjf-bdfj 1
1360
4
bafa-bdga 2
ehh-bdga 1
ihf-bdga 3
begc-bdga 1
1361
3
hig-bdgb 1
bead-bdgb 5
fca-bdgb 1
1362
2
eba-bdgc 5
bcbd-bdgc 1
1363
2
gga-bdgd 1
gbc-bdgd 5
1364
1
baej-bdge 1
1365
3
gdb-bdgf 1
fcc-bdgf 1
bfbe-bdgf 5
1366
1
fbh-bdgg 1
1367
2
ghj-bdgh 1
eea-bdgh 1
1368
2
bdjb-bdgi 1
bdj-bdgi 1
1369
2
hhh-bdgj 1
bgdi-bdgj 2
1370
3
daj-bdha 2
behi-bdha 4
gfj-bdha 1
1371
2
hbh-bdhb 5
haf-bdhb 1
1372
2
jei-bdhc 1
bahg-bdhc 5
1373
2
bcbg-bdhd 2
bae-bdhd 1
1374
4
jjj-bdhe 1
bagb-bdhe 4
ecc-bdhe 1
baia-bdhe 1
1375
2
bfae-bdhf 5
bcdh-bdhf 1
1376
1
efd-bdhg 1
1377
1
bdfd-bdhh 1
1378
3
hb-bdhi 1
ihe-bdhi 1
ccf-bdhi 5
1379
1
iah-bdhj 1
1380
2
bgff-bdia 1
jgg-bdia 2
1381
1
bcfi-bdib 1
1382
1
hhg-bdic 1
1383
1
beh-bdid 1
1384
1
igc-bdie 1
1385
2
f-bdif 1
fgc-bdif 1
1386
2
bajc-bdig 1
bdge-bdig 5
1387
1
ijf-bdih 1
1388
2
cch-bdii 5
fbg-bdii 1
1389
1
fbg-bdij 1
1390
2
bbhb-bdja 5
bdeb-bdja 1
1391
1
bchd-bdjb 1
1392
2
bfbb-bdjc 2
ifh-bdjc 1
1393
1
eca-bdjd 1
1394
3
bbjb-bdje 1
bacj-bdje 5
cge-bdje 1
1395
1
jig-bdjf 1
1396
1
bdef-bdjg 1
1397
2
bfdf-bdjh 5
baj-bdjh 1
1398
2
bej-bdji 1
egb-bdji 5
1399
2
cb-bdjj 1
bccf-bdjj 5
1400
2
bcfj-beaa 1
eeb-beaa 1
1401
2
bdde-beab 1
baai-beab 1
1402
1
jja-beac 1
1403
2
bib-bead 5
bafg-bead 1
1404
1
bdch-beae 1
1405
1
geb-beaf 1
1406
1
cci-beag 1
1407
3
bche-beah 1
jie-beah 1
bgfc-beah 4
1408
1
ida-beai 1
1409
2
dea-beaj 5
bcea-beaj 1
1410
3
bfg-beba 1
bbf-beba 4
bbcb-beba 2
1411
1
bgf-bebb 1
1412
1
bbah-bebc 1
1413
2
babc-bebd 1
bejj-bebd 5
1414
1
bccd-bebe 1
1415
2
ghb-bebf 1
bbfj-bebf 5
1416
1
idj-bebg 1
1417
2
bbgc-bebh 1
dag-bebh 1
1418
1
fad-bebi 1
1419
1
bbec-bebj 1
1420
2
ddg-beca 1
jjf-beca 1
1421
3
bfbj-becb 5
jed-becb 1
bcg-becb 1
1422
2
bcc-becc 1
haf-becc 5
1423
2
bbii-becd 2
fba-becd 1
1424
1
fii-bece 1
1425
2
hce-becf 2
fed-becf 1
1426
1
bagi-becg 1
1427
1
dfj-bech 1
1428
1
bbgj-beci 1
1429
2
bdbi-becj 1
hec-becj 5
1430
3
bfhh-beda 3
bc-beda 1
cbd-beda 2
1431
1
bebd-bedb 1
1432
2
baic-bedc 1
bfaj-bedc 5
1433
1
ceg-bedd 1
1434
2
bbda-bede 5
hf-bede 1
1435
2
ebh-bedf 5
djf-bedf 1
1436
2
gfg-bedg 1
jbg-bedg 5
1437
2
bgai-bedh 2
baha-bedh 1
1438
2
iib-bedi 5
bfba-bedi 1
1439
1
igd-bedj 1
1440
1
eii-beea 1
1441
2
hcf-beeb 2
bbee-beeb 1
1442
1
jba-beec 1
1443
3
dgj-beed 1
bfih-beed 2
becd-beed 4
1444
2
hhc-beee 1
eff-beee 5
1445
2
hhf-beef 1
icf-beef 5
1446
3
bdeb-beeg 4
he-beeg 2
befc-beeg 1
1447
1
bdgc-beeh 1
1448
1
bdcg-beei 1
1449
1
cge-beej 1
1450
2
cbc-befa 5
ebe-befa 1
1451
1
babd-befb 1
1452
1
bchf-befc 1
1453
3
chj-befd 1
iia-befd 4
dci-befd 2
1454
1
fif-befe 1
1455
2
fid-beff 5
hc-beff 1
1456
1
bah-befg 1
1457
1
heh-befh 1
1458
1
bahf-befi 1
1459
1
bdgc-befj 1
1460
1
gca-bega 1
1461
1
iie-begb 1
1462
2
bgad-begc 1
ghf-begc 1
1463
1
bdgi-begd 1
1464
2
babb-bege 2
bdci-bege 1
1465
1
dfc-begf 1
1466
2
ifb-begg 5
bfai-begg 1
1467
1
eac-begh 1
1468
1
cff-begi 1
1469
2
eef-begj 1
bbfb-begj 5
1470
3
bebd-beha 1
hcj-beha 4
cji-beha 1
1471
1
bfdh-behb 1
1472
1
ifa-behc 1
1473
1
eda-behd 1
1474
3
ihd-behe 1
bgaa-behe 4
baja-behe 1
1475
1
hdf-behf 1
1476
1
iei-behg 1
1477
1
bcgg-behh 1
1478
2
bjh-behi 1
bgde-behi 5
1479
3
dbd-behj 3
dcd-behj 2
ihb-behj 2
1480
1
ffd-beia 1
1481
1
bdaj-beib 1
1482
3
dg-beic 5
bbb-beic 1
ec-beic 1
1483
2
bdje-beid 1
iai-beid 2
1484
1
cgc-beie 1
1485
3
cii-beif 1
gab-beif 5
hfb-beif 1
1486
2
baf-beig 1
bedd-beig 1
1487
2
ijd-beih 5
dcc-beih 1
1488
1
cbe-beii 1
1489
2
che-beij 1
bah-beij 5
1490
1
cid-beja 1
1491
1
bace-bejb 1
1492
1
bbhj-bejc 1
1493
1
badc-bejd 1
1494
1
baag-beje 1
1495
1
jhi-bejf 1
1496
2
bcag-bejg 5
cha-bejg 1
1497
1
bdaa-bejh 1
1498
2
ifa-beji 1
dcf-beji 2
1499
1
cdg-bejj 1
1500
2
bhf-bfaa 1
ccd-bfaa 2
1501
1
fbi-bfab 1
1502
1
gfc-bfac 1
1503
1
jhc-bfad 1
1504
3
bai-bfae 1
ecc-bfae 3
bfah-bfae 2
1505
2
hbb-bfaf 1
bedh-bfaf 5
1506
2
bdad-bfag 1
jai-bfag 5
1507
1
jbf-bfah 1
1508
1
bcaj-bfai 1
1509
1
bcjd-bfaj 1
1510
1
bdgg-bfba 1
1511
1
hda-bfbb 1
1512
1
ijd-bfbc 1
1513
3
bbjd-bfbd 1
dcg-bfbd 3
fia-bfbd 3
1514
1
behh-bfbe 1
1515
2
bdga-bfbf 1
efe-bfbf 2
1516
1
hih-bfbg 1
1517
1
f-bfbh 1
1518
1
jjc-bfbi 1
1519
1
beif-bfbj 1
1520
1
ghc-bfca 1
1521
3
bbba-bfcb 2
gaj-bfcb 4
gfa-bfcb 1
1522
1
gga-bfcc 1
1523
3
bcdc-bfcd 2
ggc-bfcd 1
bdbj-bfcd 4
1524
1
jh-bfce 1
1525
1
bca-bfcf 1
1526
3
bfgg-bfcg 1
cjc-bfcg 3
bgdj-bfcg 3
1527
1
bafe-bfch 1
1528
1
fjb-bfci 1
1529
2
dif-bfcj 1
gh-bfcj 1
1530
2
baai-bfda 5
bgce-bfda 1
1531
1
iih-bfdb 1
1532
1
bfbc-bfdc 1
1533
1
bcgh-bfdd 1
1534
1
jgf-bfde 1
1535
1
ddf-bfdf 1
1536
1
bdfi-bfdg 1
1537
1
bdec-bfdh 1
1538
2
fgc-bfdi 5
ihc-bfdi 1
1539
2
dgg-bfdj 1
bddd-bfdj 5
1540
1
jdg-bfea 1
1541
1
ggf-bfeb 1
1542
2
bdge-bfec 1
edg-bfec 1
1543
2
iea-bfed 1
iia-bfed 1
1544
2
fhi-bfee 1
dae-bfee 1
1545
4
ied-bfef 4
bgda-bfef 1
faa-bfef 1
bgaf-bfef 1
1546
1
dfb-bfeg 1
1547
1
fdc-bfeh 1
1548
1
cbf-bfei 1
1549
1
bdia-bfej 1
1550
1
iab-bffa 1
1551
1
bda-bffb 1
1552
1
iai-bffc 1
1553
1
egi-bffd 1
1554
1
jai-bffe 1
1555
1
becg-bfff 1
1556
1
gci-bffg 1
1557
1
ghi-bffh 1
1558
1
ed-bffi 1
1559
1
eda-bffj 1
1560
2
bfj-bfga 1
dcg-bfga 1
1561
2
beif-bfgb 5
bcfj-bfgb 1
1562
1
bdac-bfgc 1
1563
1
ihj-bfgd 1
1564
1
chj-bfge 1
1565
2
bgga-bfgf 5
eig-bfgf 1
1566
1
ec-bfgg 1
1567
1
bbie-bfgh 1
1568
3
bgee-bfgi 1
fea-bfgi 1
bgej-bfgi 5
1569
1
bdd-bfgj 1
1570
1
cga-bfha 1
1571
1
bhg-bfhb 1
1572
1
dgd-bfhc 1
1573
1
bdgb-bfhd 1
1574
1
bfi-bfhe 1
1575
2
jjj-bfhf 5
ded-bfhf 1
1576
2
bfhi-bfhg 5
ibi-bfhg 1
1577
1
ibh-bfhh 1
1578
1
ice-bfhi 1
1579
2
gih-bfhj 1
bejj-bfhj 2
1580
1
df-bfia 1
1581
1
bdca-bfib 1
1582
2
bgfg-bfic 1
igc-bfic 1
1583
1
hfa-bfid 1
1584
1
ceh-bfie 1
1585
2
dfi-bfif 5
caa-bfif 1
1586
1
bceb-bfig 1
1587
1
cif-bfih 1
1588
2
hjg-bfii 5
edc-bfii 1
1589
1
gih-bfij 1
1590
1
bie-bfja 1
1591
1
icj-bfjb 1
1592
1
bej-bfjc 1
1593
1
bajd-bfjd 1
1594
1
bfba-bfje 1
1595
1
cdg-bfjf 1
1596
1
bdej-bfjg 1
1597
1
bcga-bfjh 1
1598
1
bebd-bfji 1
1599
1
hhg-bfjj 1
1600
1
bcdd-bgaa 1
1601
1
fga-bgab 1
1602
1
babg-bgac 1
1603
1
bdba-bgad 1
1604
1
bajd-bgae 1
1605
1
beab-bgaf 1
1606
1
bed-bgag 1
1607
1
bdhi-bgah 1
1608
1
baji-bgai 1
1609
1
egb-bgaj 1
1610
1
ddd-bgba 1
1611
1
dib-bgbb 1
1612
1
bba-bgbc 1
1613
2
bfb-bgbd 1
bfje-bgbd 5
1614
1
bfhe-bgbe 1
1615
1
bbfa-bgbf 1
1616
1
dff-bgbg 1
1617
2
ece-bgbh 1
bgfh-bgbh 2
1618
1
bfjc-bgbi 1
1619
1
cbj-bgbj 1
1620
1
hjh-bgca 1
1621
1
icd-bgcb 1
1622
2
dga-bgcc 5
bdbe-bgcc 1
1623
1
djf-bgcd 1
1624
1
bacd-bgce 1
1625
1
cib-bgcf 1
1626
1
cba-bgcg 1
1627
1
cga-bgch 1
1628
2
hje-bgci 5
bda-bgci 1
1629
1
beeg-bgcj 1
1630
1
bcai-bgda 1
1631
1
jdd-bgdb 1
1632
1
gbb-bgdc 1
1633
3
bffd-bgdd 1
ede-bgdd 5
bhf-bgdd 1
1634
1
beic-bgde 1
1635
1
bbia-bgdf 1
1636
1
baf-bgdg 1
1637
1
hhh-bgdh 1
1638
2
bach-bgdi 5
jdi-bgdi 1
1639
1
jdb-bgdj 1
1640
1
bcia-bgea 1
1641
1
ega-bgeb 1
1642
2
djd-bgec 2
bacg-bgec 1
1643
1
behi-bged 1
1644
1
hjf-bgee 1
1645
1
fed-bgef 1
1646
1
baca-bgeg 1
1647
1
bece-bgeh 1
1648
1
bgca-bgei 1
1649
1
jej-bgej 1
1650
1
bddj-bgfa 1
1651
1
bhh-bgfb 1
1652
1
bfjg-bgfc 1
1653
2
ddb-bgfd 1
gif-bgfd 5
1654
1
bfcf-bgfe 1
1655
1
bcgh-bgff 1
1656
1
bce-bgfg 1
1657
1
bgbi-bgfh 1
1658
1
bie-bgfi 1
1659
1
eef-bgfj 1
1660
1
bdhi-bgga 1
1661
1
bdhg-bggb 1
